Mensaje I / 00:00:00:000 / Root(00) para top(01)
Mensaje I / 00:00:00:000 / top(01) para buffer(02)
Mensaje D / 00:00:00:000 / buffer(02) / ... para top(01)
Mensaje D / 00:00:00:000 / top(01) / ... para Root(00)
Mensaje X / 00:00:00:020 / Root(00) / commandin /   4801.00000 para top(01)
Mensaje X / 00:00:00:020 / top(01) / bcommandin /   4801.00000 para buffer(02)
Mensaje D / 00:00:00:020 / buffer(02) / ... para top(01)
Mensaje D / 00:00:00:020 / top(01) / ... para Root(00)
Mensaje X / 00:00:01:000 / Root(00) / commandin /  76851.00000 para top(01)
Mensaje X / 00:00:01:000 / top(01) / bcommandin /  76851.00000 para buffer(02)
Mensaje D / 00:00:01:000 / buffer(02) / ... para top(01)
Mensaje D / 00:00:01:000 / top(01) / ... para Root(00)
Mensaje X / 00:00:05:000 / Root(00) / commandin /      4.00000 para top(01)
Mensaje X / 00:00:05:000 / top(01) / bcommandin /      4.00000 para buffer(02)
Mensaje D / 00:00:05:000 / buffer(02) / 00:00:00:000 para top(01)
Mensaje D / 00:00:05:000 / top(01) / 00:00:00:000 para Root(00)
Mensaje * / 00:00:05:000 / Root(00) para top(01)
Mensaje * / 00:00:05:000 / top(01) para buffer(02)
Mensaje Y / 00:00:05:000 / buffer(02) / imageout /   4803.00000 para top(01)
Mensaje D / 00:00:05:000 / buffer(02) / 00:00:00:600 para top(01)
Mensaje Y / 00:00:05:000 / top(01) / imageout /   4803.00000 para Root(00)
Mensaje D / 00:00:05:000 / top(01) / 00:00:00:600 para Root(00)
Mensaje * / 00:00:05:600 / Root(00) para top(01)
Mensaje * / 00:00:05:600 / top(01) para buffer(02)
Mensaje Y / 00:00:05:600 / buffer(02) / imageout /  -4803.00000 para top(01)
Mensaje D / 00:00:05:600 / buffer(02) / ... para top(01)
Mensaje Y / 00:00:05:600 / top(01) / imageout /  -4803.00000 para Root(00)
Mensaje D / 00:00:05:600 / top(01) / ... para Root(00)
Mensaje X / 00:00:06:000 / Root(00) / commandin /   9601.00000 para top(01)
Mensaje X / 00:00:06:000 / top(01) / bcommandin /   9601.00000 para buffer(02)
Mensaje D / 00:00:06:000 / buffer(02) / 00:00:00:000 para top(01)
Mensaje D / 00:00:06:000 / top(01) / 00:00:00:000 para Root(00)
Mensaje * / 00:00:06:000 / Root(00) para top(01)
Mensaje * / 00:00:06:000 / top(01) para buffer(02)
Mensaje Y / 00:00:06:000 / buffer(02) / responseout /     -3.00000 para top(01)
Mensaje D / 00:00:06:000 / buffer(02) / ... para top(01)
Mensaje Y / 00:00:06:000 / top(01) / responseout /     -3.00000 para Root(00)
Mensaje D / 00:00:06:000 / top(01) / ... para Root(00)
Mensaje X / 00:00:07:000 / Root(00) / commandin /     50.00000 para top(01)
Mensaje X / 00:00:07:000 / top(01) / bcommandin /     50.00000 para buffer(02)
Mensaje D / 00:00:07:000 / buffer(02) / 00:00:00:000 para top(01)
Mensaje D / 00:00:07:000 / top(01) / 00:00:00:000 para Root(00)
Mensaje * / 00:00:07:000 / Root(00) para top(01)
Mensaje * / 00:00:07:000 / top(01) para buffer(02)
Mensaje Y / 00:00:07:000 / buffer(02) / responseout /     -4.00000 para top(01)
Mensaje D / 00:00:07:000 / buffer(02) / ... para top(01)
Mensaje Y / 00:00:07:000 / top(01) / responseout /     -4.00000 para Root(00)
Mensaje D / 00:00:07:000 / top(01) / ... para Root(00)
Mensaje X / 00:00:08:000 / Root(00) / commandin /   4801.00000 para top(01)
Mensaje X / 00:00:08:000 / top(01) / bcommandin /   4801.00000 para buffer(02)
Mensaje D / 00:00:08:000 / buffer(02) / ... para top(01)
Mensaje D / 00:00:08:000 / top(01) / ... para Root(00)
Mensaje X / 00:00:09:000 / Root(00) / commandin /     18.00000 para top(01)
Mensaje X / 00:00:09:000 / top(01) / bcommandin /     18.00000 para buffer(02)
Mensaje D / 00:00:09:000 / buffer(02) / ... para top(01)
Mensaje D / 00:00:09:000 / top(01) / ... para Root(00)
Mensaje X / 00:00:10:000 / Root(00) / commandin /  76835.00000 para top(01)
Mensaje X / 00:00:10:000 / top(01) / bcommandin /  76835.00000 para buffer(02)
Mensaje D / 00:00:10:000 / buffer(02) / ... para top(01)
Mensaje D / 00:00:10:000 / top(01) / ... para Root(00)
Mensaje X / 00:00:11:000 / Root(00) / commandin /      4.00000 para top(01)
Mensaje X / 00:00:11:000 / top(01) / bcommandin /      4.00000 para buffer(02)
Mensaje D / 00:00:11:000 / buffer(02) / 00:00:00:000 para top(01)
Mensaje D / 00:00:11:000 / top(01) / 00:00:00:000 para Root(00)
Mensaje * / 00:00:11:000 / Root(00) para top(01)
Mensaje * / 00:00:11:000 / top(01) para buffer(02)
Mensaje Y / 00:00:11:000 / buffer(02) / imageout /   4802.00000 para top(01)
Mensaje D / 00:00:11:000 / buffer(02) / 00:00:00:600 para top(01)
Mensaje Y / 00:00:11:000 / top(01) / imageout /   4802.00000 para Root(00)
Mensaje D / 00:00:11:000 / top(01) / 00:00:00:600 para Root(00)
Mensaje * / 00:00:11:600 / Root(00) para top(01)
Mensaje * / 00:00:11:600 / top(01) para buffer(02)
Mensaje Y / 00:00:11:600 / buffer(02) / imageout /  -4802.00000 para top(01)
Mensaje D / 00:00:11:600 / buffer(02) / ... para top(01)
Mensaje Y / 00:00:11:600 / top(01) / imageout /  -4802.00000 para Root(00)
Mensaje D / 00:00:11:600 / top(01) / ... para Root(00)
