Mensaje I / 00:00:00:000 / Root(00) para top(01)
Mensaje I / 00:00:00:000 / top(01) para camera(02)
Mensaje D / 00:00:00:000 / camera(02) / ... para top(01)
Mensaje D / 00:00:00:000 / top(01) / ... para Root(00)
Mensaje X / 00:00:01:000 / Root(00) / trigin /      1.00000 para top(01)
Mensaje X / 00:00:01:000 / top(01) / trigin /      1.00000 para camera(02)
Mensaje D / 00:00:01:000 / camera(02) / 00:00:00:033 para top(01)
Mensaje D / 00:00:01:000 / top(01) / 00:00:00:033 para Root(00)
Mensaje * / 00:00:01:033 / Root(00) para top(01)
Mensaje * / 00:00:01:033 / top(01) para camera(02)
Mensaje D / 00:00:01:033 / camera(02) / 00:00:00:033 para top(01)
Mensaje D / 00:00:01:033 / top(01) / 00:00:00:033 para Root(00)
Mensaje * / 00:00:01:066 / Root(00) para top(01)
Mensaje * / 00:00:01:066 / top(01) para camera(02)
Mensaje Y / 00:00:01:066 / camera(02) / imagedataout /   4801.00000 para top(01)
Mensaje D / 00:00:01:066 / camera(02) / 00:00:00:000 para top(01)
Mensaje Y / 00:00:01:066 / top(01) / imagedataout /   4801.00000 para Root(00)
Mensaje D / 00:00:01:066 / top(01) / 00:00:00:000 para Root(00)
Mensaje * / 00:00:01:066 / Root(00) para top(01)
Mensaje * / 00:00:01:066 / top(01) para camera(02)
Mensaje Y / 00:00:01:066 / camera(02) / imagedataout /  -4801.00000 para top(01)
Mensaje D / 00:00:01:066 / camera(02) / ... para top(01)
Mensaje Y / 00:00:01:066 / top(01) / imagedataout /  -4801.00000 para Root(00)
Mensaje D / 00:00:01:066 / top(01) / ... para Root(00)
Mensaje X / 00:00:03:000 / Root(00) / trigin /     -1.00000 para top(01)
Mensaje X / 00:00:03:000 / top(01) / trigin /     -1.00000 para camera(02)
Mensaje D / 00:00:03:000 / camera(02) / ... para top(01)
Mensaje D / 00:00:03:000 / top(01) / ... para Root(00)
Mensaje X / 00:00:05:000 / Root(00) / trigin /      1.00000 para top(01)
Mensaje X / 00:00:05:000 / top(01) / trigin /      1.00000 para camera(02)
Mensaje D / 00:00:05:000 / camera(02) / 00:00:00:033 para top(01)
Mensaje D / 00:00:05:000 / top(01) / 00:00:00:033 para Root(00)
Mensaje X / 00:00:05:003 / Root(00) / trigin /      1.00000 para top(01)
Mensaje X / 00:00:05:003 / top(01) / trigin /      1.00000 para camera(02)
Mensaje D / 00:00:05:003 / camera(02) / 00:00:00:030 para top(01)
Mensaje D / 00:00:05:003 / top(01) / 00:00:00:030 para Root(00)
Mensaje * / 00:00:05:033 / Root(00) para top(01)
Mensaje * / 00:00:05:033 / top(01) para camera(02)
Mensaje D / 00:00:05:033 / camera(02) / 00:00:00:033 para top(01)
Mensaje D / 00:00:05:033 / top(01) / 00:00:00:033 para Root(00)
Mensaje * / 00:00:05:066 / Root(00) para top(01)
Mensaje * / 00:00:05:066 / top(01) para camera(02)
Mensaje Y / 00:00:05:066 / camera(02) / imagedataout /   4802.00000 para top(01)
Mensaje D / 00:00:05:066 / camera(02) / 00:00:00:000 para top(01)
Mensaje Y / 00:00:05:066 / top(01) / imagedataout /   4802.00000 para Root(00)
Mensaje D / 00:00:05:066 / top(01) / 00:00:00:000 para Root(00)
Mensaje * / 00:00:05:066 / Root(00) para top(01)
Mensaje * / 00:00:05:066 / top(01) para camera(02)
Mensaje Y / 00:00:05:066 / camera(02) / imagedataout /  -4802.00000 para top(01)
Mensaje D / 00:00:05:066 / camera(02) / ... para top(01)
Mensaje Y / 00:00:05:066 / top(01) / imagedataout /  -4802.00000 para Root(00)
Mensaje D / 00:00:05:066 / top(01) / ... para Root(00)
Mensaje X / 00:00:07:000 / Root(00) / trigin /      1.00000 para top(01)
Mensaje X / 00:00:07:000 / top(01) / trigin /      1.00000 para camera(02)
Mensaje D / 00:00:07:000 / camera(02) / 00:00:00:033 para top(01)
Mensaje D / 00:00:07:000 / top(01) / 00:00:00:033 para Root(00)
Mensaje * / 00:00:07:033 / Root(00) para top(01)
Mensaje * / 00:00:07:033 / top(01) para camera(02)
Mensaje D / 00:00:07:033 / camera(02) / 00:00:00:033 para top(01)
Mensaje D / 00:00:07:033 / top(01) / 00:00:00:033 para Root(00)
Mensaje X / 00:00:07:040 / Root(00) / trigin /     -1.00000 para top(01)
Mensaje X / 00:00:07:040 / top(01) / trigin /     -1.00000 para camera(02)
Mensaje D / 00:00:07:040 / camera(02) / 00:00:00:026 para top(01)
Mensaje D / 00:00:07:040 / top(01) / 00:00:00:026 para Root(00)
Mensaje * / 00:00:07:066 / Root(00) para top(01)
Mensaje * / 00:00:07:066 / top(01) para camera(02)
Mensaje Y / 00:00:07:066 / camera(02) / imagedataout /   4801.00000 para top(01)
Mensaje D / 00:00:07:066 / camera(02) / 00:00:00:000 para top(01)
Mensaje Y / 00:00:07:066 / top(01) / imagedataout /   4801.00000 para Root(00)
Mensaje D / 00:00:07:066 / top(01) / 00:00:00:000 para Root(00)
Mensaje * / 00:00:07:066 / Root(00) para top(01)
Mensaje * / 00:00:07:066 / top(01) para camera(02)
Mensaje Y / 00:00:07:066 / camera(02) / imagedataout /  -4801.00000 para top(01)
Mensaje D / 00:00:07:066 / camera(02) / ... para top(01)
Mensaje Y / 00:00:07:066 / top(01) / imagedataout /  -4801.00000 para Root(00)
Mensaje D / 00:00:07:066 / top(01) / ... para Root(00)
