Mensaje I / 00:00:00:000 / Root(00) para top(01)
Mensaje I / 00:00:00:000 / top(01) para interface(02)
Mensaje I / 00:00:00:000 / top(01) para im_acq(03)
Mensaje I / 00:00:00:000 / top(01) para timer(04)
Mensaje I / 00:00:00:000 / top(01) para buffer(05)
Mensaje D / 00:00:00:000 / interface(02) / ... para top(01)
Mensaje D / 00:00:00:000 / im_acq(03) / ... para top(01)
Mensaje D / 00:00:00:000 / timer(04) / ... para top(01)
Mensaje D / 00:00:00:000 / buffer(05) / ... para top(01)
Mensaje D / 00:00:00:000 / top(01) / ... para Root(00)
Mensaje X / 00:00:01:000 / Root(00) / commandin /  76818.00000 para top(01)
Mensaje X / 00:00:01:000 / top(01) / hcommandin /  76818.00000 para interface(02)
Mensaje D / 00:00:01:000 / interface(02) / 00:00:00:000 para top(01)
Mensaje D / 00:00:01:000 / top(01) / 00:00:00:000 para Root(00)
Mensaje * / 00:00:01:000 / Root(00) para top(01)
Mensaje * / 00:00:01:000 / top(01) para interface(02)
Mensaje Y / 00:00:01:000 / interface(02) / imacqout /   4801.00000 para top(01)
Mensaje D / 00:00:01:000 / interface(02) / ... para top(01)
Mensaje X / 00:00:01:000 / top(01) / icommandin /   4801.00000 para im_acq(03)
Mensaje D / 00:00:01:000 / im_acq(03) / ... para top(01)
Mensaje D / 00:00:01:000 / top(01) / ... para Root(00)
Mensaje X / 00:00:02:000 / Root(00) / commandin /     65.00000 para top(01)
Mensaje X / 00:00:02:000 / top(01) / hcommandin /     65.00000 para interface(02)
Mensaje D / 00:00:02:000 / interface(02) / 00:00:00:000 para top(01)
Mensaje D / 00:00:02:000 / top(01) / 00:00:00:000 para Root(00)
Mensaje * / 00:00:02:000 / Root(00) para top(01)
Mensaje * / 00:00:02:000 / top(01) para interface(02)
Mensaje Y / 00:00:02:000 / interface(02) / responseout /     -1.00000 para top(01)
Mensaje D / 00:00:02:000 / interface(02) / ... para top(01)
Mensaje Y / 00:00:02:000 / top(01) / responseout /     -1.00000 para Root(00)
Mensaje D / 00:00:02:000 / top(01) / ... para Root(00)
Mensaje X / 00:00:02:040 / Root(00) / trigin /      1.00000 para top(01)
Mensaje X / 00:00:02:040 / top(01) / trigin /      1.00000 para timer(04)
Mensaje D / 00:00:02:040 / timer(04) / ... para top(01)
Mensaje D / 00:00:02:040 / top(01) / ... para Root(00)
Mensaje X / 00:00:02:500 / Root(00) / commandin /  12820.00000 para top(01)
Mensaje X / 00:00:02:500 / top(01) / hcommandin /  12820.00000 para interface(02)
Mensaje D / 00:00:02:500 / interface(02) / 00:00:00:000 para top(01)
Mensaje D / 00:00:02:500 / top(01) / 00:00:00:000 para Root(00)
Mensaje * / 00:00:02:500 / Root(00) para top(01)
Mensaje * / 00:00:02:500 / top(01) para interface(02)
Mensaje Y / 00:00:02:500 / interface(02) / timout /    801.00000 para top(01)
Mensaje D / 00:00:02:500 / interface(02) / ... para top(01)
Mensaje X / 00:00:02:500 / top(01) / tcommandin /    801.00000 para timer(04)
Mensaje D / 00:00:02:500 / timer(04) / ... para top(01)
Mensaje D / 00:00:02:500 / top(01) / ... para Root(00)
Mensaje X / 00:00:02:750 / Root(00) / imagein /   4801.00000 para top(01)
Mensaje X / 00:00:02:750 / top(01) / imagein /   4801.00000 para im_acq(03)
Mensaje D / 00:00:02:750 / im_acq(03) / ... para top(01)
Mensaje D / 00:00:02:750 / top(01) / ... para Root(00)
Mensaje X / 00:00:02:950 / Root(00) / imagein /  -4801.00000 para top(01)
Mensaje X / 00:00:02:950 / top(01) / imagein /  -4801.00000 para im_acq(03)
Mensaje D / 00:00:02:950 / im_acq(03) / ... para top(01)
Mensaje D / 00:00:02:950 / top(01) / ... para Root(00)
Mensaje X / 00:00:03:000 / Root(00) / commandin /  12852.00000 para top(01)
Mensaje X / 00:00:03:000 / top(01) / hcommandin /  12852.00000 para interface(02)
Mensaje D / 00:00:03:000 / interface(02) / 00:00:00:000 para top(01)
Mensaje D / 00:00:03:000 / top(01) / 00:00:00:000 para Root(00)
Mensaje * / 00:00:03:000 / Root(00) para top(01)
Mensaje * / 00:00:03:000 / top(01) para interface(02)
Mensaje Y / 00:00:03:000 / interface(02) / timout /    803.00000 para top(01)
Mensaje D / 00:00:03:000 / interface(02) / ... para top(01)
Mensaje X / 00:00:03:000 / top(01) / tcommandin /    803.00000 para timer(04)
Mensaje D / 00:00:03:000 / timer(04) / ... para top(01)
Mensaje D / 00:00:03:000 / top(01) / ... para Root(00)
Mensaje X / 00:00:03:300 / Root(00) / trigin /      1.00000 para top(01)
Mensaje X / 00:00:03:300 / top(01) / trigin /      1.00000 para timer(04)
Mensaje D / 00:00:03:300 / timer(04) / ... para top(01)
Mensaje D / 00:00:03:300 / top(01) / ... para Root(00)
Mensaje X / 00:00:04:000 / Root(00) / commandin /     68.00000 para top(01)
Mensaje X / 00:00:04:000 / top(01) / hcommandin /     68.00000 para interface(02)
Mensaje D / 00:00:04:000 / interface(02) / 00:00:00:000 para top(01)
Mensaje D / 00:00:04:000 / top(01) / 00:00:00:000 para Root(00)
Mensaje * / 00:00:04:000 / Root(00) para top(01)
Mensaje * / 00:00:04:000 / top(01) para interface(02)
Mensaje Y / 00:00:04:000 / interface(02) / timout /      4.00000 para top(01)
Mensaje D / 00:00:04:000 / interface(02) / ... para top(01)
Mensaje X / 00:00:04:000 / top(01) / tcommandin /      4.00000 para timer(04)
Mensaje D / 00:00:04:000 / timer(04) / ... para top(01)
Mensaje D / 00:00:04:000 / top(01) / ... para Root(00)
Mensaje X / 00:00:04:600 / Root(00) / commandin /  76819.00000 para top(01)
Mensaje X / 00:00:04:600 / top(01) / hcommandin /  76819.00000 para interface(02)
Mensaje D / 00:00:04:600 / interface(02) / 00:00:00:000 para top(01)
Mensaje D / 00:00:04:600 / top(01) / 00:00:00:000 para Root(00)
Mensaje * / 00:00:04:600 / Root(00) para top(01)
Mensaje * / 00:00:04:600 / top(01) para interface(02)
Mensaje Y / 00:00:04:600 / interface(02) / bufout /   4801.00000 para top(01)
Mensaje D / 00:00:04:600 / interface(02) / ... para top(01)
Mensaje X / 00:00:04:600 / top(01) / bcommandin /   4801.00000 para buffer(05)
Mensaje D / 00:00:04:600 / buffer(05) / ... para top(01)
Mensaje D / 00:00:04:600 / top(01) / ... para Root(00)
Mensaje X / 00:00:05:000 / Root(00) / trigin /      1.00000 para top(01)
Mensaje X / 00:00:05:000 / top(01) / trigin /      1.00000 para timer(04)
Mensaje D / 00:00:05:000 / timer(04) / 00:00:00:000 para top(01)
Mensaje D / 00:00:05:000 / top(01) / 00:00:00:000 para Root(00)
Mensaje * / 00:00:05:000 / Root(00) para top(01)
Mensaje * / 00:00:05:000 / top(01) para timer(04)
Mensaje Y / 00:00:05:000 / timer(04) / timerout /      1.00000 para top(01)
Mensaje D / 00:00:05:000 / timer(04) / 00:00:00:050 para top(01)
Mensaje Y / 00:00:05:000 / top(01) / timerout /      1.00000 para Root(00)
Mensaje D / 00:00:05:000 / top(01) / 00:00:00:050 para Root(00)
Mensaje * / 00:00:05:050 / Root(00) para top(01)
Mensaje * / 00:00:05:050 / top(01) para timer(04)
Mensaje Y / 00:00:05:050 / timer(04) / timerout /     -1.00000 para top(01)
Mensaje D / 00:00:05:050 / timer(04) / 00:00:00:050 para top(01)
Mensaje Y / 00:00:05:050 / top(01) / timerout /     -1.00000 para Root(00)
Mensaje D / 00:00:05:050 / top(01) / 00:00:00:050 para Root(00)
Mensaje * / 00:00:05:100 / Root(00) para top(01)
Mensaje * / 00:00:05:100 / top(01) para timer(04)
Mensaje D / 00:00:05:100 / timer(04) / ... para top(01)
Mensaje D / 00:00:05:100 / top(01) / ... para Root(00)
Mensaje X / 00:00:05:350 / Root(00) / commandin /    529.00000 para top(01)
Mensaje X / 00:00:05:350 / top(01) / hcommandin /    529.00000 para interface(02)
Mensaje D / 00:00:05:350 / interface(02) / ... para top(01)
Mensaje D / 00:00:05:350 / top(01) / ... para Root(00)
Mensaje X / 00:00:05:640 / Root(00) / trigin /      1.00000 para top(01)
Mensaje X / 00:00:05:640 / top(01) / trigin /      1.00000 para timer(04)
Mensaje D / 00:00:05:640 / timer(04) / 00:00:00:000 para top(01)
Mensaje D / 00:00:05:640 / top(01) / 00:00:00:000 para Root(00)
Mensaje * / 00:00:05:640 / Root(00) para top(01)
Mensaje * / 00:00:05:640 / top(01) para timer(04)
Mensaje Y / 00:00:05:640 / timer(04) / timerout /      1.00000 para top(01)
Mensaje D / 00:00:05:640 / timer(04) / 00:00:00:050 para top(01)
Mensaje Y / 00:00:05:640 / top(01) / timerout /      1.00000 para Root(00)
Mensaje D / 00:00:05:640 / top(01) / 00:00:00:050 para Root(00)
Mensaje * / 00:00:05:690 / Root(00) para top(01)
Mensaje * / 00:00:05:690 / top(01) para timer(04)
Mensaje Y / 00:00:05:690 / timer(04) / timerout /     -1.00000 para top(01)
Mensaje D / 00:00:05:690 / timer(04) / 00:00:00:050 para top(01)
Mensaje Y / 00:00:05:690 / top(01) / timerout /     -1.00000 para Root(00)
Mensaje D / 00:00:05:690 / top(01) / 00:00:00:050 para Root(00)
Mensaje * / 00:00:05:740 / Root(00) para top(01)
Mensaje * / 00:00:05:740 / top(01) para timer(04)
Mensaje D / 00:00:05:740 / timer(04) / ... para top(01)
Mensaje D / 00:00:05:740 / top(01) / ... para Root(00)
Mensaje X / 00:00:06:000 / Root(00) / commandin /     34.00000 para top(01)
Mensaje X / 00:00:06:000 / top(01) / hcommandin /     34.00000 para interface(02)
Mensaje D / 00:00:06:000 / interface(02) / 00:00:00:000 para top(01)
Mensaje D / 00:00:06:000 / top(01) / 00:00:00:000 para Root(00)
Mensaje * / 00:00:06:000 / Root(00) para top(01)
Mensaje * / 00:00:06:000 / top(01) para interface(02)
Mensaje Y / 00:00:06:000 / interface(02) / imacqout /      2.00000 para top(01)
Mensaje D / 00:00:06:000 / interface(02) / ... para top(01)
Mensaje X / 00:00:06:000 / top(01) / icommandin /      2.00000 para im_acq(03)
Mensaje D / 00:00:06:000 / im_acq(03) / ... para top(01)
Mensaje D / 00:00:06:000 / top(01) / ... para Root(00)
Mensaje X / 00:00:06:200 / Root(00) / imagein /   4802.00000 para top(01)
Mensaje X / 00:00:06:200 / top(01) / imagein /   4802.00000 para im_acq(03)
Mensaje D / 00:00:06:200 / im_acq(03) / 00:00:00:000 para top(01)
Mensaje D / 00:00:06:200 / top(01) / 00:00:00:000 para Root(00)
Mensaje * / 00:00:06:200 / Root(00) para top(01)
Mensaje * / 00:00:06:200 / top(01) para im_acq(03)
Mensaje Y / 00:00:06:200 / im_acq(03) / imageout /   4802.00000 para top(01)
Mensaje D / 00:00:06:200 / im_acq(03) / ... para top(01)
Mensaje X / 00:00:06:200 / top(01) / imagein /   4802.00000 para interface(02)
Mensaje D / 00:00:06:200 / interface(02) / 00:00:00:000 para top(01)
Mensaje D / 00:00:06:200 / top(01) / 00:00:00:000 para Root(00)
Mensaje * / 00:00:06:200 / Root(00) para top(01)
Mensaje * / 00:00:06:200 / top(01) para interface(02)
Mensaje Y / 00:00:06:200 / interface(02) / bufout /  76835.00000 para top(01)
Mensaje D / 00:00:06:200 / interface(02) / ... para top(01)
Mensaje X / 00:00:06:200 / top(01) / bcommandin /  76835.00000 para buffer(05)
Mensaje D / 00:00:06:200 / buffer(05) / ... para top(01)
Mensaje D / 00:00:06:200 / top(01) / ... para Root(00)
Mensaje X / 00:00:06:220 / Root(00) / imagein /  -4802.00000 para top(01)
Mensaje X / 00:00:06:220 / top(01) / imagein /  -4802.00000 para im_acq(03)
Mensaje D / 00:00:06:220 / im_acq(03) / 00:00:00:000 para top(01)
Mensaje D / 00:00:06:220 / top(01) / 00:00:00:000 para Root(00)
Mensaje * / 00:00:06:220 / Root(00) para top(01)
Mensaje * / 00:00:06:220 / top(01) para im_acq(03)
Mensaje Y / 00:00:06:220 / im_acq(03) / imageout /  -4802.00000 para top(01)
Mensaje D / 00:00:06:220 / im_acq(03) / ... para top(01)
Mensaje X / 00:00:06:220 / top(01) / imagein /  -4802.00000 para interface(02)
Mensaje D / 00:00:06:220 / interface(02) / 00:00:00:000 para top(01)
Mensaje D / 00:00:06:220 / top(01) / 00:00:00:000 para Root(00)
Mensaje * / 00:00:06:220 / Root(00) para top(01)
Mensaje * / 00:00:06:220 / top(01) para interface(02)
Mensaje Y / 00:00:06:220 / interface(02) / bufout /      4.00000 para top(01)
Mensaje D / 00:00:06:220 / interface(02) / ... para top(01)
Mensaje X / 00:00:06:220 / top(01) / bcommandin /      4.00000 para buffer(05)
Mensaje D / 00:00:06:220 / buffer(05) / 00:00:00:000 para top(01)
Mensaje D / 00:00:06:220 / top(01) / 00:00:00:000 para Root(00)
Mensaje * / 00:00:06:220 / Root(00) para top(01)
Mensaje * / 00:00:06:220 / top(01) para buffer(05)
Mensaje Y / 00:00:06:220 / buffer(05) / imageout /   4802.00000 para top(01)
Mensaje D / 00:00:06:220 / buffer(05) / 00:00:00:600 para top(01)
Mensaje X / 00:00:06:220 / top(01) / imagein /   4802.00000 para interface(02)
Mensaje D / 00:00:06:220 / interface(02) / 00:00:00:000 para top(01)
Mensaje D / 00:00:06:220 / top(01) / 00:00:00:000 para Root(00)
Mensaje * / 00:00:06:220 / Root(00) para top(01)
Mensaje * / 00:00:06:220 / top(01) para interface(02)
Mensaje Y / 00:00:06:220 / interface(02) / imageout /   4802.00000 para top(01)
Mensaje D / 00:00:06:220 / interface(02) / 00:00:00:600 para top(01)
Mensaje Y / 00:00:06:220 / top(01) / imageout /   4802.00000 para Root(00)
Mensaje D / 00:00:06:220 / top(01) / 00:00:00:600 para Root(00)
Mensaje * / 00:00:06:820 / Root(00) para top(01)
Mensaje * / 00:00:06:820 / top(01) para interface(02)
Mensaje Y / 00:00:06:820 / interface(02) / imageout /  -4802.00000 para top(01)
Mensaje D / 00:00:06:820 / interface(02) / ... para top(01)
Mensaje Y / 00:00:06:820 / top(01) / imageout /  -4802.00000 para Root(00)
Mensaje D / 00:00:06:820 / top(01) / 00:00:00:000 para Root(00)
Mensaje * / 00:00:06:820 / Root(00) para top(01)
Mensaje * / 00:00:06:820 / top(01) para buffer(05)
Mensaje Y / 00:00:06:820 / buffer(05) / imageout /  -4802.00000 para top(01)
Mensaje D / 00:00:06:820 / buffer(05) / ... para top(01)
Mensaje X / 00:00:06:820 / top(01) / imagein /  -4802.00000 para interface(02)
Mensaje D / 00:00:06:820 / interface(02) / ... para top(01)
Mensaje D / 00:00:06:820 / top(01) / ... para Root(00)
Mensaje X / 00:00:07:000 / Root(00) / commandin /    785.00000 para top(01)
Mensaje X / 00:00:07:000 / top(01) / hcommandin /    785.00000 para interface(02)
Mensaje D / 00:00:07:000 / interface(02) / ... para top(01)
Mensaje D / 00:00:07:000 / top(01) / ... para Root(00)
Mensaje X / 00:00:07:200 / Root(00) / commandin /    803.00000 para top(01)
Mensaje X / 00:00:07:200 / top(01) / hcommandin /    803.00000 para interface(02)
Mensaje D / 00:00:07:200 / interface(02) / 00:00:00:000 para top(01)
Mensaje D / 00:00:07:200 / top(01) / 00:00:00:000 para Root(00)
Mensaje * / 00:00:07:200 / Root(00) para top(01)
Mensaje * / 00:00:07:200 / top(01) para interface(02)
Mensaje Y / 00:00:07:200 / interface(02) / bufout /     50.00000 para top(01)
Mensaje D / 00:00:07:200 / interface(02) / ... para top(01)
Mensaje X / 00:00:07:200 / top(01) / bcommandin /     50.00000 para buffer(05)
Mensaje D / 00:00:07:200 / buffer(05) / 00:00:00:000 para top(01)
Mensaje D / 00:00:07:200 / top(01) / 00:00:00:000 para Root(00)
Mensaje * / 00:00:07:200 / Root(00) para top(01)
Mensaje * / 00:00:07:200 / top(01) para buffer(05)
Mensaje Y / 00:00:07:200 / buffer(05) / responseout /     -4.00000 para top(01)
Mensaje D / 00:00:07:200 / buffer(05) / ... para top(01)
Mensaje X / 00:00:07:200 / top(01) / responsein /     -4.00000 para interface(02)
Mensaje D / 00:00:07:200 / interface(02) / 00:00:00:000 para top(01)
Mensaje D / 00:00:07:200 / top(01) / 00:00:00:000 para Root(00)
Mensaje * / 00:00:07:200 / Root(00) para top(01)
Mensaje * / 00:00:07:200 / top(01) para interface(02)
Mensaje Y / 00:00:07:200 / interface(02) / responseout /     -4.00000 para top(01)
Mensaje D / 00:00:07:200 / interface(02) / ... para top(01)
Mensaje Y / 00:00:07:200 / top(01) / responseout /     -4.00000 para Root(00)
Mensaje D / 00:00:07:200 / top(01) / ... para Root(00)
Mensaje X / 00:00:07:400 / Root(00) / commandin /     34.00000 para top(01)
Mensaje X / 00:00:07:400 / top(01) / hcommandin /     34.00000 para interface(02)
Mensaje D / 00:00:07:400 / interface(02) / 00:00:00:000 para top(01)
Mensaje D / 00:00:07:400 / top(01) / 00:00:00:000 para Root(00)
Mensaje * / 00:00:07:400 / Root(00) para top(01)
Mensaje * / 00:00:07:400 / top(01) para interface(02)
Mensaje Y / 00:00:07:400 / interface(02) / imacqout /      2.00000 para top(01)
Mensaje D / 00:00:07:400 / interface(02) / ... para top(01)
Mensaje X / 00:00:07:400 / top(01) / icommandin /      2.00000 para im_acq(03)
Mensaje D / 00:00:07:400 / im_acq(03) / ... para top(01)
Mensaje D / 00:00:07:400 / top(01) / ... para Root(00)
Mensaje X / 00:00:07:700 / Root(00) / imagein /   4803.00000 para top(01)
Mensaje X / 00:00:07:700 / top(01) / imagein /   4803.00000 para im_acq(03)
Mensaje D / 00:00:07:700 / im_acq(03) / 00:00:00:000 para top(01)
Mensaje D / 00:00:07:700 / top(01) / 00:00:00:000 para Root(00)
Mensaje * / 00:00:07:700 / Root(00) para top(01)
Mensaje * / 00:00:07:700 / top(01) para im_acq(03)
Mensaje Y / 00:00:07:700 / im_acq(03) / imageout /   4803.00000 para top(01)
Mensaje D / 00:00:07:700 / im_acq(03) / ... para top(01)
Mensaje X / 00:00:07:700 / top(01) / imagein /   4803.00000 para interface(02)
Mensaje D / 00:00:07:700 / interface(02) / 00:00:00:000 para top(01)
Mensaje D / 00:00:07:700 / top(01) / 00:00:00:000 para Root(00)
Mensaje * / 00:00:07:700 / Root(00) para top(01)
Mensaje * / 00:00:07:700 / top(01) para interface(02)
Mensaje Y / 00:00:07:700 / interface(02) / imageout /   4803.00000 para top(01)
Mensaje D / 00:00:07:700 / interface(02) / 00:00:00:600 para top(01)
Mensaje Y / 00:00:07:700 / top(01) / imageout /   4803.00000 para Root(00)
Mensaje D / 00:00:07:700 / top(01) / 00:00:00:600 para Root(00)
Mensaje X / 00:00:07:800 / Root(00) / imagein /  -4803.00000 para top(01)
Mensaje X / 00:00:07:800 / top(01) / imagein /  -4803.00000 para im_acq(03)
Mensaje D / 00:00:07:800 / im_acq(03) / 00:00:00:000 para top(01)
Mensaje D / 00:00:07:800 / top(01) / 00:00:00:000 para Root(00)
Mensaje * / 00:00:07:800 / Root(00) para top(01)
Mensaje * / 00:00:07:800 / top(01) para im_acq(03)
Mensaje Y / 00:00:07:800 / im_acq(03) / imageout /  -4803.00000 para top(01)
Mensaje D / 00:00:07:800 / im_acq(03) / ... para top(01)
Mensaje X / 00:00:07:800 / top(01) / imagein /  -4803.00000 para interface(02)
Mensaje D / 00:00:07:800 / interface(02) / 00:00:00:500 para top(01)
Mensaje D / 00:00:07:800 / top(01) / 00:00:00:500 para Root(00)
Mensaje * / 00:00:08:300 / Root(00) para top(01)
Mensaje * / 00:00:08:300 / top(01) para interface(02)
Mensaje Y / 00:00:08:300 / interface(02) / imageout /  -4803.00000 para top(01)
Mensaje D / 00:00:08:300 / interface(02) / ... para top(01)
Mensaje Y / 00:00:08:300 / top(01) / imageout /  -4803.00000 para Root(00)
Mensaje D / 00:00:08:300 / top(01) / ... para Root(00)
Mensaje X / 00:00:08:400 / Root(00) / commandin /     67.00000 para top(01)
Mensaje X / 00:00:08:400 / top(01) / hcommandin /     67.00000 para interface(02)
Mensaje D / 00:00:08:400 / interface(02) / 00:00:00:000 para top(01)
Mensaje D / 00:00:08:400 / top(01) / 00:00:00:000 para Root(00)
Mensaje * / 00:00:08:400 / Root(00) para top(01)
Mensaje * / 00:00:08:400 / top(01) para interface(02)
Mensaje Y / 00:00:08:400 / interface(02) / bufout /      4.00000 para top(01)
Mensaje D / 00:00:08:400 / interface(02) / ... para top(01)
Mensaje X / 00:00:08:400 / top(01) / bcommandin /      4.00000 para buffer(05)
Mensaje D / 00:00:08:400 / buffer(05) / 00:00:00:000 para top(01)
Mensaje D / 00:00:08:400 / top(01) / 00:00:00:000 para Root(00)
Mensaje * / 00:00:08:400 / Root(00) para top(01)
Mensaje * / 00:00:08:400 / top(01) para buffer(05)
Mensaje Y / 00:00:08:400 / buffer(05) / imageout /   4802.00000 para top(01)
Mensaje D / 00:00:08:400 / buffer(05) / 00:00:00:600 para top(01)
Mensaje X / 00:00:08:400 / top(01) / imagein /   4802.00000 para interface(02)
Mensaje D / 00:00:08:400 / interface(02) / 00:00:00:000 para top(01)
Mensaje D / 00:00:08:400 / top(01) / 00:00:00:000 para Root(00)
Mensaje * / 00:00:08:400 / Root(00) para top(01)
Mensaje * / 00:00:08:400 / top(01) para interface(02)
Mensaje Y / 00:00:08:400 / interface(02) / imageout /   4802.00000 para top(01)
Mensaje D / 00:00:08:400 / interface(02) / 00:00:00:600 para top(01)
Mensaje Y / 00:00:08:400 / top(01) / imageout /   4802.00000 para Root(00)
Mensaje D / 00:00:08:400 / top(01) / 00:00:00:600 para Root(00)
Mensaje * / 00:00:09:000 / Root(00) para top(01)
Mensaje * / 00:00:09:000 / top(01) para interface(02)
Mensaje Y / 00:00:09:000 / interface(02) / imageout /  -4802.00000 para top(01)
Mensaje D / 00:00:09:000 / interface(02) / ... para top(01)
Mensaje Y / 00:00:09:000 / top(01) / imageout /  -4802.00000 para Root(00)
Mensaje D / 00:00:09:000 / top(01) / 00:00:00:000 para Root(00)
Mensaje * / 00:00:09:000 / Root(00) para top(01)
Mensaje * / 00:00:09:000 / top(01) para buffer(05)
Mensaje Y / 00:00:09:000 / buffer(05) / imageout /  -4802.00000 para top(01)
Mensaje D / 00:00:09:000 / buffer(05) / ... para top(01)
Mensaje X / 00:00:09:000 / top(01) / imagein /  -4802.00000 para interface(02)
Mensaje D / 00:00:09:000 / interface(02) / ... para top(01)
Mensaje D / 00:00:09:000 / top(01) / ... para Root(00)
