Mensaje I / 00:00:00:000 / Root(00) para top(01)
Mensaje I / 00:00:00:000 / top(01) para interface(02)
Mensaje D / 00:00:00:000 / interface(02) / ... para top(01)
Mensaje D / 00:00:00:000 / top(01) / ... para Root(00)
Mensaje X / 00:00:00:004 / Root(00) / commandin /     34.00000 para top(01)
Mensaje X / 00:00:00:004 / top(01) / hcommandin /     34.00000 para interface(02)
Mensaje D / 00:00:00:004 / interface(02) / 00:00:00:000 para top(01)
Mensaje D / 00:00:00:004 / top(01) / 00:00:00:000 para Root(00)
Mensaje * / 00:00:00:004 / Root(00) para top(01)
Mensaje * / 00:00:00:004 / top(01) para interface(02)
Mensaje Y / 00:00:00:004 / interface(02) / imacqout /      2.00000 para top(01)
Mensaje D / 00:00:00:004 / interface(02) / ... para top(01)
Mensaje Y / 00:00:00:004 / top(01) / ia /      2.00000 para Root(00)
Mensaje D / 00:00:00:004 / top(01) / ... para Root(00)
Mensaje X / 00:00:00:020 / Root(00) / commandin /     66.00000 para top(01)
Mensaje X / 00:00:00:020 / top(01) / hcommandin /     66.00000 para interface(02)
Mensaje D / 00:00:00:020 / interface(02) / 00:00:00:000 para top(01)
Mensaje D / 00:00:00:020 / top(01) / 00:00:00:000 para Root(00)
Mensaje * / 00:00:00:020 / Root(00) para top(01)
Mensaje * / 00:00:00:020 / top(01) para interface(02)
Mensaje Y / 00:00:00:020 / interface(02) / imacqout /      4.00000 para top(01)
Mensaje D / 00:00:00:020 / interface(02) / ... para top(01)
Mensaje Y / 00:00:00:020 / top(01) / ia /      4.00000 para Root(00)
Mensaje D / 00:00:00:020 / top(01) / ... para Root(00)
Mensaje X / 00:00:01:000 / Root(00) / commandin /     68.00000 para top(01)
Mensaje X / 00:00:01:000 / top(01) / hcommandin /     68.00000 para interface(02)
Mensaje D / 00:00:01:000 / interface(02) / 00:00:00:000 para top(01)
Mensaje D / 00:00:01:000 / top(01) / 00:00:00:000 para Root(00)
Mensaje * / 00:00:01:000 / Root(00) para top(01)
Mensaje * / 00:00:01:000 / top(01) para interface(02)
Mensaje Y / 00:00:01:000 / interface(02) / timout /      4.00000 para top(01)
Mensaje D / 00:00:01:000 / interface(02) / ... para top(01)
Mensaje Y / 00:00:01:000 / top(01) / tim /      4.00000 para Root(00)
Mensaje D / 00:00:01:000 / top(01) / ... para Root(00)
Mensaje X / 00:00:01:300 / Root(00) / commandin /  12820.00000 para top(01)
Mensaje X / 00:00:01:300 / top(01) / hcommandin /  12820.00000 para interface(02)
Mensaje D / 00:00:01:300 / interface(02) / 00:00:00:000 para top(01)
Mensaje D / 00:00:01:300 / top(01) / 00:00:00:000 para Root(00)
Mensaje * / 00:00:01:300 / Root(00) para top(01)
Mensaje * / 00:00:01:300 / top(01) para interface(02)
Mensaje Y / 00:00:01:300 / interface(02) / timout /    801.00000 para top(01)
Mensaje D / 00:00:01:300 / interface(02) / ... para top(01)
Mensaje Y / 00:00:01:300 / top(01) / tim /    801.00000 para Root(00)
Mensaje D / 00:00:01:300 / top(01) / ... para Root(00)
Mensaje X / 00:00:01:600 / Root(00) / commandin /     35.00000 para top(01)
Mensaje X / 00:00:01:600 / top(01) / hcommandin /     35.00000 para interface(02)
Mensaje D / 00:00:01:600 / interface(02) / 00:00:00:000 para top(01)
Mensaje D / 00:00:01:600 / top(01) / 00:00:00:000 para Root(00)
Mensaje * / 00:00:01:600 / Root(00) para top(01)
Mensaje * / 00:00:01:600 / top(01) para interface(02)
Mensaje Y / 00:00:01:600 / interface(02) / bufout /      2.00000 para top(01)
Mensaje D / 00:00:01:600 / interface(02) / ... para top(01)
Mensaje Y / 00:00:01:600 / top(01) / buf /      2.00000 para Root(00)
Mensaje D / 00:00:01:600 / top(01) / ... para Root(00)
Mensaje X / 00:00:02:000 / Root(00) / commandin /     67.00000 para top(01)
Mensaje X / 00:00:02:000 / top(01) / hcommandin /     67.00000 para interface(02)
Mensaje D / 00:00:02:000 / interface(02) / 00:00:00:000 para top(01)
Mensaje D / 00:00:02:000 / top(01) / 00:00:00:000 para Root(00)
Mensaje * / 00:00:02:000 / Root(00) para top(01)
Mensaje * / 00:00:02:000 / top(01) para interface(02)
Mensaje Y / 00:00:02:000 / interface(02) / bufout /      4.00000 para top(01)
Mensaje D / 00:00:02:000 / interface(02) / ... para top(01)
Mensaje Y / 00:00:02:000 / top(01) / buf /      4.00000 para Root(00)
Mensaje D / 00:00:02:000 / top(01) / ... para Root(00)
Mensaje X / 00:00:02:400 / Root(00) / responsein /     -8.00000 para top(01)
Mensaje X / 00:00:02:400 / top(01) / responsein /     -8.00000 para interface(02)
Mensaje D / 00:00:02:400 / interface(02) / 00:00:00:000 para top(01)
Mensaje D / 00:00:02:400 / top(01) / 00:00:00:000 para Root(00)
Mensaje * / 00:00:02:400 / Root(00) para top(01)
Mensaje * / 00:00:02:400 / top(01) para interface(02)
Mensaje Y / 00:00:02:400 / interface(02) / responseout /     -8.00000 para top(01)
Mensaje D / 00:00:02:400 / interface(02) / ... para top(01)
Mensaje Y / 00:00:02:400 / top(01) / responseout /     -8.00000 para Root(00)
Mensaje D / 00:00:02:400 / top(01) / ... para Root(00)
Mensaje X / 00:00:03:000 / Root(00) / commandin /    273.00000 para top(01)
Mensaje X / 00:00:03:000 / top(01) / hcommandin /    273.00000 para interface(02)
Mensaje D / 00:00:03:000 / interface(02) / ... para top(01)
Mensaje D / 00:00:03:000 / top(01) / ... para Root(00)
Mensaje X / 00:00:03:200 / Root(00) / imagein /   4801.00000 para top(01)
Mensaje X / 00:00:03:200 / top(01) / imagein /   4801.00000 para interface(02)
Mensaje D / 00:00:03:200 / interface(02) / 00:00:00:000 para top(01)
Mensaje D / 00:00:03:200 / top(01) / 00:00:00:000 para Root(00)
Mensaje * / 00:00:03:200 / Root(00) para top(01)
Mensaje * / 00:00:03:200 / top(01) para interface(02)
Mensaje Y / 00:00:03:200 / interface(02) / bufout /  76819.00000 para top(01)
Mensaje D / 00:00:03:200 / interface(02) / ... para top(01)
Mensaje Y / 00:00:03:200 / top(01) / buf /  76819.00000 para Root(00)
Mensaje D / 00:00:03:200 / top(01) / ... para Root(00)
Mensaje X / 00:00:03:860 / Root(00) / imagein /  -4801.00000 para top(01)
Mensaje X / 00:00:03:860 / top(01) / imagein /  -4801.00000 para interface(02)
Mensaje D / 00:00:03:860 / interface(02) / ... para top(01)
Mensaje D / 00:00:03:860 / top(01) / ... para Root(00)
Mensaje X / 00:00:05:000 / Root(00) / commandin /    785.00000 para top(01)
Mensaje X / 00:00:05:000 / top(01) / hcommandin /    785.00000 para interface(02)
Mensaje D / 00:00:05:000 / interface(02) / ... para top(01)
Mensaje D / 00:00:05:000 / top(01) / ... para Root(00)
Mensaje X / 00:00:05:120 / Root(00) / imagein /   4802.00000 para top(01)
Mensaje X / 00:00:05:120 / top(01) / imagein /   4802.00000 para interface(02)
Mensaje D / 00:00:05:120 / interface(02) / 00:00:00:000 para top(01)
Mensaje D / 00:00:05:120 / top(01) / 00:00:00:000 para Root(00)
Mensaje * / 00:00:05:120 / Root(00) para top(01)
Mensaje * / 00:00:05:120 / top(01) para interface(02)
Mensaje Y / 00:00:05:120 / interface(02) / imageout /   4802.00000 para top(01)
Mensaje D / 00:00:05:120 / interface(02) / 00:00:00:600 para top(01)
Mensaje Y / 00:00:05:120 / top(01) / imageout /   4802.00000 para Root(00)
Mensaje D / 00:00:05:120 / top(01) / 00:00:00:600 para Root(00)
Mensaje X / 00:00:05:610 / Root(00) / imagein /  -4802.00000 para top(01)
Mensaje X / 00:00:05:610 / top(01) / imagein /  -4802.00000 para interface(02)
Mensaje D / 00:00:05:610 / interface(02) / 00:00:00:110 para top(01)
Mensaje D / 00:00:05:610 / top(01) / 00:00:00:110 para Root(00)
Mensaje * / 00:00:05:720 / Root(00) para top(01)
Mensaje * / 00:00:05:720 / top(01) para interface(02)
Mensaje Y / 00:00:05:720 / interface(02) / imageout /  -4802.00000 para top(01)
Mensaje D / 00:00:05:720 / interface(02) / ... para top(01)
Mensaje Y / 00:00:05:720 / top(01) / imageout /  -4802.00000 para Root(00)
Mensaje D / 00:00:05:720 / top(01) / ... para Root(00)
Mensaje X / 00:00:07:100 / Root(00) / commandin /    529.00000 para top(01)
Mensaje X / 00:00:07:100 / top(01) / hcommandin /    529.00000 para interface(02)
Mensaje D / 00:00:07:100 / interface(02) / ... para top(01)
Mensaje D / 00:00:07:100 / top(01) / ... para Root(00)
Mensaje X / 00:00:07:200 / Root(00) / imagein /   4803.00000 para top(01)
Mensaje X / 00:00:07:200 / top(01) / imagein /   4803.00000 para interface(02)
Mensaje D / 00:00:07:200 / interface(02) / 00:00:00:000 para top(01)
Mensaje D / 00:00:07:200 / top(01) / 00:00:00:000 para Root(00)
Mensaje * / 00:00:07:200 / Root(00) para top(01)
Mensaje * / 00:00:07:200 / top(01) para interface(02)
Mensaje Y / 00:00:07:200 / interface(02) / bufout /  76851.00000 para top(01)
Mensaje D / 00:00:07:200 / interface(02) / ... para top(01)
Mensaje Y / 00:00:07:200 / top(01) / buf /  76851.00000 para Root(00)
Mensaje D / 00:00:07:200 / top(01) / ... para Root(00)
Mensaje X / 00:00:07:860 / Root(00) / imagein /  -4803.00000 para top(01)
Mensaje X / 00:00:07:860 / top(01) / imagein /  -4803.00000 para interface(02)
Mensaje D / 00:00:07:860 / interface(02) / 00:00:00:000 para top(01)
Mensaje D / 00:00:07:860 / top(01) / 00:00:00:000 para Root(00)
Mensaje * / 00:00:07:860 / Root(00) para top(01)
Mensaje * / 00:00:07:860 / top(01) para interface(02)
Mensaje Y / 00:00:07:860 / interface(02) / bufout /      4.00000 para top(01)
Mensaje D / 00:00:07:860 / interface(02) / ... para top(01)
Mensaje Y / 00:00:07:860 / top(01) / buf /      4.00000 para Root(00)
Mensaje D / 00:00:07:860 / top(01) / ... para Root(00)
Mensaje X / 00:00:08:000 / Root(00) / imagein /   4803.00000 para top(01)
Mensaje X / 00:00:08:000 / top(01) / imagein /   4803.00000 para interface(02)
Mensaje D / 00:00:08:000 / interface(02) / 00:00:00:000 para top(01)
Mensaje D / 00:00:08:000 / top(01) / 00:00:00:000 para Root(00)
Mensaje * / 00:00:08:000 / Root(00) para top(01)
Mensaje * / 00:00:08:000 / top(01) para interface(02)
Mensaje Y / 00:00:08:000 / interface(02) / imageout /   4803.00000 para top(01)
Mensaje D / 00:00:08:000 / interface(02) / 00:00:00:600 para top(01)
Mensaje Y / 00:00:08:000 / top(01) / imageout /   4803.00000 para Root(00)
Mensaje D / 00:00:08:000 / top(01) / 00:00:00:600 para Root(00)
Mensaje X / 00:00:08:050 / Root(00) / imagein /  -4803.00000 para top(01)
Mensaje X / 00:00:08:050 / top(01) / imagein /  -4803.00000 para interface(02)
Mensaje D / 00:00:08:050 / interface(02) / 00:00:00:550 para top(01)
Mensaje D / 00:00:08:050 / top(01) / 00:00:00:550 para Root(00)
Mensaje * / 00:00:08:600 / Root(00) para top(01)
Mensaje * / 00:00:08:600 / top(01) para interface(02)
Mensaje Y / 00:00:08:600 / interface(02) / imageout /  -4803.00000 para top(01)
Mensaje D / 00:00:08:600 / interface(02) / ... para top(01)
Mensaje Y / 00:00:08:600 / top(01) / imageout /  -4803.00000 para Root(00)
Mensaje D / 00:00:08:600 / top(01) / ... para Root(00)
