Mensaje I / 00:00:00:000 / Root(00) para top(01)
Mensaje I / 00:00:00:000 / top(01) para camera(02)
Mensaje I / 00:00:00:000 / top(01) para framegrabber(03)
Mensaje D / 00:00:00:000 / camera(02) / ... para top(01)
Mensaje I / 00:00:00:000 / framegrabber(03) para interface(04)
Mensaje I / 00:00:00:000 / framegrabber(03) para im_acq(05)
Mensaje I / 00:00:00:000 / framegrabber(03) para timer(06)
Mensaje I / 00:00:00:000 / framegrabber(03) para buffer(07)
Mensaje D / 00:00:00:000 / interface(04) / ... para framegrabber(03)
Mensaje D / 00:00:00:000 / im_acq(05) / ... para framegrabber(03)
Mensaje D / 00:00:00:000 / timer(06) / ... para framegrabber(03)
Mensaje D / 00:00:00:000 / buffer(07) / ... para framegrabber(03)
Mensaje D / 00:00:00:000 / framegrabber(03) / ... para top(01)
Mensaje D / 00:00:00:000 / top(01) / ... para Root(00)
Mensaje X / 00:00:00:020 / Root(00) / cmndin /  76818.00000 para top(01)
Mensaje X / 00:00:00:020 / top(01) / cin /  76818.00000 para framegrabber(03)
Mensaje X / 00:00:00:020 / framegrabber(03) / hcommandin /  76818.00000 para interface(04)
Mensaje D / 00:00:00:020 / interface(04) / 00:00:00:000 para framegrabber(03)
Mensaje D / 00:00:00:020 / framegrabber(03) / 00:00:00:000 para top(01)
Mensaje D / 00:00:00:020 / top(01) / 00:00:00:000 para Root(00)
Mensaje * / 00:00:00:020 / Root(00) para top(01)
Mensaje * / 00:00:00:020 / top(01) para framegrabber(03)
Mensaje * / 00:00:00:020 / framegrabber(03) para interface(04)
Mensaje Y / 00:00:00:020 / interface(04) / imacqout /   4801.00000 para framegrabber(03)
Mensaje D / 00:00:00:020 / interface(04) / ... para framegrabber(03)
Mensaje X / 00:00:00:020 / framegrabber(03) / icommandin /   4801.00000 para im_acq(05)
Mensaje D / 00:00:00:020 / im_acq(05) / ... para framegrabber(03)
Mensaje D / 00:00:00:020 / framegrabber(03) / ... para top(01)
Mensaje D / 00:00:00:020 / top(01) / ... para Root(00)
Mensaje X / 00:00:00:100 / Root(00) / cmndin /    785.00000 para top(01)
Mensaje X / 00:00:00:100 / top(01) / cin /    785.00000 para framegrabber(03)
Mensaje X / 00:00:00:100 / framegrabber(03) / hcommandin /    785.00000 para interface(04)
Mensaje D / 00:00:00:100 / interface(04) / ... para framegrabber(03)
Mensaje D / 00:00:00:100 / framegrabber(03) / ... para top(01)
Mensaje D / 00:00:00:100 / top(01) / ... para Root(00)
Mensaje X / 00:00:00:300 / Root(00) / cmndin /  12820.00000 para top(01)
Mensaje X / 00:00:00:300 / top(01) / cin /  12820.00000 para framegrabber(03)
Mensaje X / 00:00:00:300 / framegrabber(03) / hcommandin /  12820.00000 para interface(04)
Mensaje D / 00:00:00:300 / interface(04) / 00:00:00:000 para framegrabber(03)
Mensaje D / 00:00:00:300 / framegrabber(03) / 00:00:00:000 para top(01)
Mensaje D / 00:00:00:300 / top(01) / 00:00:00:000 para Root(00)
Mensaje * / 00:00:00:300 / Root(00) para top(01)
Mensaje * / 00:00:00:300 / top(01) para framegrabber(03)
Mensaje * / 00:00:00:300 / framegrabber(03) para interface(04)
Mensaje Y / 00:00:00:300 / interface(04) / timout /    801.00000 para framegrabber(03)
Mensaje D / 00:00:00:300 / interface(04) / ... para framegrabber(03)
Mensaje X / 00:00:00:300 / framegrabber(03) / tcommandin /    801.00000 para timer(06)
Mensaje D / 00:00:00:300 / timer(06) / ... para framegrabber(03)
Mensaje D / 00:00:00:300 / framegrabber(03) / ... para top(01)
Mensaje D / 00:00:00:300 / top(01) / ... para Root(00)
Mensaje X / 00:00:00:500 / Root(00) / cmndin /  15396.00000 para top(01)
Mensaje X / 00:00:00:500 / top(01) / cin /  15396.00000 para framegrabber(03)
Mensaje X / 00:00:00:500 / framegrabber(03) / hcommandin /  15396.00000 para interface(04)
Mensaje D / 00:00:00:500 / interface(04) / 00:00:00:000 para framegrabber(03)
Mensaje D / 00:00:00:500 / framegrabber(03) / 00:00:00:000 para top(01)
Mensaje D / 00:00:00:500 / top(01) / 00:00:00:000 para Root(00)
Mensaje * / 00:00:00:500 / Root(00) para top(01)
Mensaje * / 00:00:00:500 / top(01) para framegrabber(03)
Mensaje * / 00:00:00:500 / framegrabber(03) para interface(04)
Mensaje Y / 00:00:00:500 / interface(04) / timout /    962.00000 para framegrabber(03)
Mensaje D / 00:00:00:500 / interface(04) / ... para framegrabber(03)
Mensaje X / 00:00:00:500 / framegrabber(03) / tcommandin /    962.00000 para timer(06)
Mensaje D / 00:00:00:500 / timer(06) / ... para framegrabber(03)
Mensaje D / 00:00:00:500 / framegrabber(03) / ... para top(01)
Mensaje D / 00:00:00:500 / top(01) / ... para Root(00)
Mensaje X / 00:00:00:700 / Root(00) / cmndin /     68.00000 para top(01)
Mensaje X / 00:00:00:700 / top(01) / cin /     68.00000 para framegrabber(03)
Mensaje X / 00:00:00:700 / framegrabber(03) / hcommandin /     68.00000 para interface(04)
Mensaje D / 00:00:00:700 / interface(04) / 00:00:00:000 para framegrabber(03)
Mensaje D / 00:00:00:700 / framegrabber(03) / 00:00:00:000 para top(01)
Mensaje D / 00:00:00:700 / top(01) / 00:00:00:000 para Root(00)
Mensaje * / 00:00:00:700 / Root(00) para top(01)
Mensaje * / 00:00:00:700 / top(01) para framegrabber(03)
Mensaje * / 00:00:00:700 / framegrabber(03) para interface(04)
Mensaje Y / 00:00:00:700 / interface(04) / timout /      4.00000 para framegrabber(03)
Mensaje D / 00:00:00:700 / interface(04) / ... para framegrabber(03)
Mensaje X / 00:00:00:700 / framegrabber(03) / tcommandin /      4.00000 para timer(06)
Mensaje D / 00:00:00:700 / timer(06) / ... para framegrabber(03)
Mensaje D / 00:00:00:700 / framegrabber(03) / ... para top(01)
Mensaje D / 00:00:00:700 / top(01) / ... para Root(00)
Mensaje X / 00:00:01:000 / Root(00) / cmndin /     50.00000 para top(01)
Mensaje X / 00:00:01:000 / top(01) / cin /     50.00000 para framegrabber(03)
Mensaje X / 00:00:01:000 / framegrabber(03) / hcommandin /     50.00000 para interface(04)
Mensaje D / 00:00:01:000 / interface(04) / 00:00:00:000 para framegrabber(03)
Mensaje D / 00:00:01:000 / framegrabber(03) / 00:00:00:000 para top(01)
Mensaje D / 00:00:01:000 / top(01) / 00:00:00:000 para Root(00)
Mensaje * / 00:00:01:000 / Root(00) para top(01)
Mensaje * / 00:00:01:000 / top(01) para framegrabber(03)
Mensaje * / 00:00:01:000 / framegrabber(03) para interface(04)
Mensaje Y / 00:00:01:000 / interface(04) / imacqout /      3.00000 para framegrabber(03)
Mensaje D / 00:00:01:000 / interface(04) / ... para framegrabber(03)
Mensaje X / 00:00:01:000 / framegrabber(03) / icommandin /      3.00000 para im_acq(05)
Mensaje D / 00:00:01:000 / im_acq(05) / ... para framegrabber(03)
Mensaje D / 00:00:01:000 / framegrabber(03) / ... para top(01)
Mensaje D / 00:00:01:000 / top(01) / ... para Root(00)
Mensaje X / 00:00:01:050 / Root(00) / triggerin /      1.00000 para top(01)
Mensaje X / 00:00:01:050 / top(01) / trigin /      1.00000 para framegrabber(03)
Mensaje X / 00:00:01:050 / framegrabber(03) / trigin /      1.00000 para timer(06)
Mensaje D / 00:00:01:050 / timer(06) / 00:00:00:059 para framegrabber(03)
Mensaje D / 00:00:01:050 / framegrabber(03) / 00:00:00:059 para top(01)
Mensaje D / 00:00:01:050 / top(01) / 00:00:00:059 para Root(00)
Mensaje * / 00:00:01:109 / Root(00) para top(01)
Mensaje * / 00:00:01:109 / top(01) para framegrabber(03)
Mensaje * / 00:00:01:109 / framegrabber(03) para timer(06)
Mensaje Y / 00:00:01:109 / timer(06) / timerout /      1.00000 para framegrabber(03)
Mensaje D / 00:00:01:109 / timer(06) / 00:00:00:050 para framegrabber(03)
Mensaje Y / 00:00:01:109 / framegrabber(03) / timerout /      1.00000 para top(01)
Mensaje D / 00:00:01:109 / framegrabber(03) / 00:00:00:050 para top(01)
Mensaje X / 00:00:01:109 / top(01) / trigin /      1.00000 para camera(02)
Mensaje D / 00:00:01:109 / camera(02) / 00:00:00:033 para top(01)
Mensaje D / 00:00:01:109 / top(01) / 00:00:00:033 para Root(00)
Mensaje * / 00:00:01:142 / Root(00) para top(01)
Mensaje * / 00:00:01:142 / top(01) para camera(02)
Mensaje D / 00:00:01:142 / camera(02) / 00:00:00:033 para top(01)
Mensaje D / 00:00:01:142 / top(01) / 00:00:00:017 para Root(00)
Mensaje * / 00:00:01:159 / Root(00) para top(01)
Mensaje * / 00:00:01:159 / top(01) para framegrabber(03)
Mensaje * / 00:00:01:159 / framegrabber(03) para timer(06)
Mensaje Y / 00:00:01:159 / timer(06) / timerout /     -1.00000 para framegrabber(03)
Mensaje D / 00:00:01:159 / timer(06) / 00:00:00:000 para framegrabber(03)
Mensaje Y / 00:00:01:159 / framegrabber(03) / timerout /     -1.00000 para top(01)
Mensaje D / 00:00:01:159 / framegrabber(03) / 00:00:00:000 para top(01)
Mensaje X / 00:00:01:159 / top(01) / trigin /     -1.00000 para camera(02)
Mensaje D / 00:00:01:159 / camera(02) / 00:00:00:016 para top(01)
Mensaje D / 00:00:01:159 / top(01) / 00:00:00:000 para Root(00)
Mensaje * / 00:00:01:159 / Root(00) para top(01)
Mensaje * / 00:00:01:159 / top(01) para framegrabber(03)
Mensaje * / 00:00:01:159 / framegrabber(03) para timer(06)
Mensaje D / 00:00:01:159 / timer(06) / ... para framegrabber(03)
Mensaje D / 00:00:01:159 / framegrabber(03) / ... para top(01)
Mensaje D / 00:00:01:159 / top(01) / 00:00:00:016 para Root(00)
Mensaje * / 00:00:01:175 / Root(00) para top(01)
Mensaje * / 00:00:01:175 / top(01) para camera(02)
Mensaje Y / 00:00:01:175 / camera(02) / imagedataout /   4801.00000 para top(01)
Mensaje D / 00:00:01:175 / camera(02) / 00:00:00:002 para top(01)
Mensaje X / 00:00:01:175 / top(01) / imagein /   4801.00000 para framegrabber(03)
Mensaje X / 00:00:01:175 / framegrabber(03) / imagein /   4801.00000 para im_acq(05)
Mensaje D / 00:00:01:175 / im_acq(05) / 00:00:00:000 para framegrabber(03)
Mensaje D / 00:00:01:175 / framegrabber(03) / 00:00:00:000 para top(01)
Mensaje D / 00:00:01:175 / top(01) / 00:00:00:000 para Root(00)
Mensaje * / 00:00:01:175 / Root(00) para top(01)
Mensaje * / 00:00:01:175 / top(01) para framegrabber(03)
Mensaje * / 00:00:01:175 / framegrabber(03) para im_acq(05)
Mensaje Y / 00:00:01:175 / im_acq(05) / imageout /   4801.00000 para framegrabber(03)
Mensaje D / 00:00:01:175 / im_acq(05) / ... para framegrabber(03)
Mensaje X / 00:00:01:175 / framegrabber(03) / imagein /   4801.00000 para interface(04)
Mensaje D / 00:00:01:175 / interface(04) / 00:00:00:000 para framegrabber(03)
Mensaje D / 00:00:01:175 / framegrabber(03) / 00:00:00:000 para top(01)
Mensaje D / 00:00:01:175 / top(01) / 00:00:00:000 para Root(00)
Mensaje * / 00:00:01:175 / Root(00) para top(01)
Mensaje * / 00:00:01:175 / top(01) para framegrabber(03)
Mensaje * / 00:00:01:175 / framegrabber(03) para interface(04)
Mensaje Y / 00:00:01:175 / interface(04) / imageout /   4801.00000 para framegrabber(03)
Mensaje D / 00:00:01:175 / interface(04) / 00:00:00:029 para framegrabber(03)
Mensaje Y / 00:00:01:175 / framegrabber(03) / imageout /   4801.00000 para top(01)
Mensaje D / 00:00:01:175 / framegrabber(03) / 00:00:00:029 para top(01)
Mensaje Y / 00:00:01:175 / top(01) / imagebufout /   4801.00000 para Root(00)
Mensaje D / 00:00:01:175 / top(01) / 00:00:00:002 para Root(00)
Mensaje * / 00:00:01:177 / Root(00) para top(01)
Mensaje * / 00:00:01:177 / top(01) para camera(02)
Mensaje Y / 00:00:01:177 / camera(02) / imagedataout /  -4801.00000 para top(01)
Mensaje D / 00:00:01:177 / camera(02) / ... para top(01)
Mensaje X / 00:00:01:177 / top(01) / imagein /  -4801.00000 para framegrabber(03)
Mensaje X / 00:00:01:177 / framegrabber(03) / imagein /  -4801.00000 para im_acq(05)
Mensaje D / 00:00:01:177 / im_acq(05) / 00:00:00:000 para framegrabber(03)
Mensaje D / 00:00:01:177 / framegrabber(03) / 00:00:00:000 para top(01)
Mensaje D / 00:00:01:177 / top(01) / 00:00:00:000 para Root(00)
Mensaje * / 00:00:01:177 / Root(00) para top(01)
Mensaje * / 00:00:01:177 / top(01) para framegrabber(03)
Mensaje * / 00:00:01:177 / framegrabber(03) para im_acq(05)
Mensaje Y / 00:00:01:177 / im_acq(05) / imageout /  -4801.00000 para framegrabber(03)
Mensaje D / 00:00:01:177 / im_acq(05) / ... para framegrabber(03)
Mensaje X / 00:00:01:177 / framegrabber(03) / imagein /  -4801.00000 para interface(04)
Mensaje D / 00:00:01:177 / interface(04) / 00:00:00:027 para framegrabber(03)
Mensaje D / 00:00:01:177 / framegrabber(03) / 00:00:00:027 para top(01)
Mensaje D / 00:00:01:177 / top(01) / 00:00:00:027 para Root(00)
Mensaje * / 00:00:01:204 / Root(00) para top(01)
Mensaje * / 00:00:01:204 / top(01) para framegrabber(03)
Mensaje * / 00:00:01:204 / framegrabber(03) para interface(04)
Mensaje Y / 00:00:01:204 / interface(04) / imageout /  -4801.00000 para framegrabber(03)
Mensaje D / 00:00:01:204 / interface(04) / ... para framegrabber(03)
Mensaje Y / 00:00:01:204 / framegrabber(03) / imageout /  -4801.00000 para top(01)
Mensaje D / 00:00:01:204 / framegrabber(03) / ... para top(01)
Mensaje Y / 00:00:01:204 / top(01) / imagebufout /  -4801.00000 para Root(00)
Mensaje D / 00:00:01:204 / top(01) / ... para Root(00)
Mensaje X / 00:00:02:000 / Root(00) / triggerin /      1.00000 para top(01)
Mensaje X / 00:00:02:000 / top(01) / trigin /      1.00000 para framegrabber(03)
Mensaje X / 00:00:02:000 / framegrabber(03) / trigin /      1.00000 para timer(06)
Mensaje D / 00:00:02:000 / timer(06) / 00:00:00:059 para framegrabber(03)
Mensaje D / 00:00:02:000 / framegrabber(03) / 00:00:00:059 para top(01)
Mensaje D / 00:00:02:000 / top(01) / 00:00:00:059 para Root(00)
Mensaje * / 00:00:02:059 / Root(00) para top(01)
Mensaje * / 00:00:02:059 / top(01) para framegrabber(03)
Mensaje * / 00:00:02:059 / framegrabber(03) para timer(06)
Mensaje Y / 00:00:02:059 / timer(06) / timerout /      1.00000 para framegrabber(03)
Mensaje D / 00:00:02:059 / timer(06) / 00:00:00:050 para framegrabber(03)
Mensaje Y / 00:00:02:059 / framegrabber(03) / timerout /      1.00000 para top(01)
Mensaje D / 00:00:02:059 / framegrabber(03) / 00:00:00:050 para top(01)
Mensaje X / 00:00:02:059 / top(01) / trigin /      1.00000 para camera(02)
Mensaje D / 00:00:02:059 / camera(02) / 00:00:00:033 para top(01)
Mensaje D / 00:00:02:059 / top(01) / 00:00:00:033 para Root(00)
Mensaje * / 00:00:02:092 / Root(00) para top(01)
Mensaje * / 00:00:02:092 / top(01) para camera(02)
Mensaje D / 00:00:02:092 / camera(02) / 00:00:00:033 para top(01)
Mensaje D / 00:00:02:092 / top(01) / 00:00:00:017 para Root(00)
Mensaje * / 00:00:02:109 / Root(00) para top(01)
Mensaje * / 00:00:02:109 / top(01) para framegrabber(03)
Mensaje * / 00:00:02:109 / framegrabber(03) para timer(06)
Mensaje Y / 00:00:02:109 / timer(06) / timerout /     -1.00000 para framegrabber(03)
Mensaje D / 00:00:02:109 / timer(06) / 00:00:00:000 para framegrabber(03)
Mensaje Y / 00:00:02:109 / framegrabber(03) / timerout /     -1.00000 para top(01)
Mensaje D / 00:00:02:109 / framegrabber(03) / 00:00:00:000 para top(01)
Mensaje X / 00:00:02:109 / top(01) / trigin /     -1.00000 para camera(02)
Mensaje D / 00:00:02:109 / camera(02) / 00:00:00:016 para top(01)
Mensaje D / 00:00:02:109 / top(01) / 00:00:00:000 para Root(00)
Mensaje * / 00:00:02:109 / Root(00) para top(01)
Mensaje * / 00:00:02:109 / top(01) para framegrabber(03)
Mensaje * / 00:00:02:109 / framegrabber(03) para timer(06)
Mensaje D / 00:00:02:109 / timer(06) / ... para framegrabber(03)
Mensaje D / 00:00:02:109 / framegrabber(03) / ... para top(01)
Mensaje D / 00:00:02:109 / top(01) / 00:00:00:016 para Root(00)
Mensaje * / 00:00:02:125 / Root(00) para top(01)
Mensaje * / 00:00:02:125 / top(01) para camera(02)
Mensaje Y / 00:00:02:125 / camera(02) / imagedataout /   4802.00000 para top(01)
Mensaje D / 00:00:02:125 / camera(02) / 00:00:00:002 para top(01)
Mensaje X / 00:00:02:125 / top(01) / imagein /   4802.00000 para framegrabber(03)
Mensaje X / 00:00:02:125 / framegrabber(03) / imagein /   4802.00000 para im_acq(05)
Mensaje D / 00:00:02:125 / im_acq(05) / 00:00:00:000 para framegrabber(03)
Mensaje D / 00:00:02:125 / framegrabber(03) / 00:00:00:000 para top(01)
Mensaje D / 00:00:02:125 / top(01) / 00:00:00:000 para Root(00)
Mensaje * / 00:00:02:125 / Root(00) para top(01)
Mensaje * / 00:00:02:125 / top(01) para framegrabber(03)
Mensaje * / 00:00:02:125 / framegrabber(03) para im_acq(05)
Mensaje Y / 00:00:02:125 / im_acq(05) / imageout /   4802.00000 para framegrabber(03)
Mensaje D / 00:00:02:125 / im_acq(05) / ... para framegrabber(03)
Mensaje X / 00:00:02:125 / framegrabber(03) / imagein /   4802.00000 para interface(04)
Mensaje D / 00:00:02:125 / interface(04) / 00:00:00:000 para framegrabber(03)
Mensaje D / 00:00:02:125 / framegrabber(03) / 00:00:00:000 para top(01)
Mensaje D / 00:00:02:125 / top(01) / 00:00:00:000 para Root(00)
Mensaje * / 00:00:02:125 / Root(00) para top(01)
Mensaje * / 00:00:02:125 / top(01) para framegrabber(03)
Mensaje * / 00:00:02:125 / framegrabber(03) para interface(04)
Mensaje Y / 00:00:02:125 / interface(04) / imageout /   4802.00000 para framegrabber(03)
Mensaje D / 00:00:02:125 / interface(04) / 00:00:00:029 para framegrabber(03)
Mensaje Y / 00:00:02:125 / framegrabber(03) / imageout /   4802.00000 para top(01)
Mensaje D / 00:00:02:125 / framegrabber(03) / 00:00:00:029 para top(01)
Mensaje Y / 00:00:02:125 / top(01) / imagebufout /   4802.00000 para Root(00)
Mensaje D / 00:00:02:125 / top(01) / 00:00:00:002 para Root(00)
Mensaje * / 00:00:02:127 / Root(00) para top(01)
Mensaje * / 00:00:02:127 / top(01) para camera(02)
Mensaje Y / 00:00:02:127 / camera(02) / imagedataout /  -4802.00000 para top(01)
Mensaje D / 00:00:02:127 / camera(02) / ... para top(01)
Mensaje X / 00:00:02:127 / top(01) / imagein /  -4802.00000 para framegrabber(03)
Mensaje X / 00:00:02:127 / framegrabber(03) / imagein /  -4802.00000 para im_acq(05)
Mensaje D / 00:00:02:127 / im_acq(05) / 00:00:00:000 para framegrabber(03)
Mensaje D / 00:00:02:127 / framegrabber(03) / 00:00:00:000 para top(01)
Mensaje D / 00:00:02:127 / top(01) / 00:00:00:000 para Root(00)
Mensaje * / 00:00:02:127 / Root(00) para top(01)
Mensaje * / 00:00:02:127 / top(01) para framegrabber(03)
Mensaje * / 00:00:02:127 / framegrabber(03) para im_acq(05)
Mensaje Y / 00:00:02:127 / im_acq(05) / imageout /  -4802.00000 para framegrabber(03)
Mensaje D / 00:00:02:127 / im_acq(05) / ... para framegrabber(03)
Mensaje X / 00:00:02:127 / framegrabber(03) / imagein /  -4802.00000 para interface(04)
Mensaje D / 00:00:02:127 / interface(04) / 00:00:00:027 para framegrabber(03)
Mensaje D / 00:00:02:127 / framegrabber(03) / 00:00:00:027 para top(01)
Mensaje D / 00:00:02:127 / top(01) / 00:00:00:027 para Root(00)
Mensaje * / 00:00:02:154 / Root(00) para top(01)
Mensaje * / 00:00:02:154 / top(01) para framegrabber(03)
Mensaje * / 00:00:02:154 / framegrabber(03) para interface(04)
Mensaje Y / 00:00:02:154 / interface(04) / imageout /  -4802.00000 para framegrabber(03)
Mensaje D / 00:00:02:154 / interface(04) / ... para framegrabber(03)
Mensaje Y / 00:00:02:154 / framegrabber(03) / imageout /  -4802.00000 para top(01)
Mensaje D / 00:00:02:154 / framegrabber(03) / ... para top(01)
Mensaje Y / 00:00:02:154 / top(01) / imagebufout /  -4802.00000 para Root(00)
Mensaje D / 00:00:02:154 / top(01) / ... para Root(00)
Mensaje X / 00:00:02:300 / Root(00) / triggerin /      1.00000 para top(01)
Mensaje X / 00:00:02:300 / top(01) / trigin /      1.00000 para framegrabber(03)
Mensaje X / 00:00:02:300 / framegrabber(03) / trigin /      1.00000 para timer(06)
Mensaje D / 00:00:02:300 / timer(06) / 00:00:00:059 para framegrabber(03)
Mensaje D / 00:00:02:300 / framegrabber(03) / 00:00:00:059 para top(01)
Mensaje D / 00:00:02:300 / top(01) / 00:00:00:059 para Root(00)
Mensaje X / 00:00:02:305 / Root(00) / triggerin /      1.00000 para top(01)
Mensaje X / 00:00:02:305 / top(01) / trigin /      1.00000 para framegrabber(03)
Mensaje X / 00:00:02:305 / framegrabber(03) / trigin /      1.00000 para timer(06)
Mensaje D / 00:00:02:305 / timer(06) / 00:00:00:054 para framegrabber(03)
Mensaje D / 00:00:02:305 / framegrabber(03) / 00:00:00:054 para top(01)
Mensaje D / 00:00:02:305 / top(01) / 00:00:00:054 para Root(00)
Mensaje * / 00:00:02:359 / Root(00) para top(01)
Mensaje * / 00:00:02:359 / top(01) para framegrabber(03)
Mensaje * / 00:00:02:359 / framegrabber(03) para timer(06)
Mensaje Y / 00:00:02:359 / timer(06) / timerout /      1.00000 para framegrabber(03)
Mensaje D / 00:00:02:359 / timer(06) / 00:00:00:050 para framegrabber(03)
Mensaje Y / 00:00:02:359 / framegrabber(03) / timerout /      1.00000 para top(01)
Mensaje D / 00:00:02:359 / framegrabber(03) / 00:00:00:050 para top(01)
Mensaje X / 00:00:02:359 / top(01) / trigin /      1.00000 para camera(02)
Mensaje D / 00:00:02:359 / camera(02) / 00:00:00:033 para top(01)
Mensaje D / 00:00:02:359 / top(01) / 00:00:00:033 para Root(00)
Mensaje * / 00:00:02:392 / Root(00) para top(01)
Mensaje * / 00:00:02:392 / top(01) para camera(02)
Mensaje D / 00:00:02:392 / camera(02) / 00:00:00:033 para top(01)
Mensaje D / 00:00:02:392 / top(01) / 00:00:00:017 para Root(00)
Mensaje * / 00:00:02:409 / Root(00) para top(01)
Mensaje * / 00:00:02:409 / top(01) para framegrabber(03)
Mensaje * / 00:00:02:409 / framegrabber(03) para timer(06)
Mensaje Y / 00:00:02:409 / timer(06) / timerout /     -1.00000 para framegrabber(03)
Mensaje D / 00:00:02:409 / timer(06) / 00:00:00:000 para framegrabber(03)
Mensaje Y / 00:00:02:409 / framegrabber(03) / timerout /     -1.00000 para top(01)
Mensaje D / 00:00:02:409 / framegrabber(03) / 00:00:00:000 para top(01)
Mensaje X / 00:00:02:409 / top(01) / trigin /     -1.00000 para camera(02)
Mensaje D / 00:00:02:409 / camera(02) / 00:00:00:016 para top(01)
Mensaje D / 00:00:02:409 / top(01) / 00:00:00:000 para Root(00)
Mensaje * / 00:00:02:409 / Root(00) para top(01)
Mensaje * / 00:00:02:409 / top(01) para framegrabber(03)
Mensaje * / 00:00:02:409 / framegrabber(03) para timer(06)
Mensaje D / 00:00:02:409 / timer(06) / ... para framegrabber(03)
Mensaje D / 00:00:02:409 / framegrabber(03) / ... para top(01)
Mensaje D / 00:00:02:409 / top(01) / 00:00:00:016 para Root(00)
Mensaje * / 00:00:02:425 / Root(00) para top(01)
Mensaje * / 00:00:02:425 / top(01) para camera(02)
Mensaje Y / 00:00:02:425 / camera(02) / imagedataout /   4801.00000 para top(01)
Mensaje D / 00:00:02:425 / camera(02) / 00:00:00:002 para top(01)
Mensaje X / 00:00:02:425 / top(01) / imagein /   4801.00000 para framegrabber(03)
Mensaje X / 00:00:02:425 / framegrabber(03) / imagein /   4801.00000 para im_acq(05)
Mensaje D / 00:00:02:425 / im_acq(05) / 00:00:00:000 para framegrabber(03)
Mensaje D / 00:00:02:425 / framegrabber(03) / 00:00:00:000 para top(01)
Mensaje D / 00:00:02:425 / top(01) / 00:00:00:000 para Root(00)
Mensaje * / 00:00:02:425 / Root(00) para top(01)
Mensaje * / 00:00:02:425 / top(01) para framegrabber(03)
Mensaje * / 00:00:02:425 / framegrabber(03) para im_acq(05)
Mensaje Y / 00:00:02:425 / im_acq(05) / imageout /   4801.00000 para framegrabber(03)
Mensaje D / 00:00:02:425 / im_acq(05) / ... para framegrabber(03)
Mensaje X / 00:00:02:425 / framegrabber(03) / imagein /   4801.00000 para interface(04)
Mensaje D / 00:00:02:425 / interface(04) / 00:00:00:000 para framegrabber(03)
Mensaje D / 00:00:02:425 / framegrabber(03) / 00:00:00:000 para top(01)
Mensaje D / 00:00:02:425 / top(01) / 00:00:00:000 para Root(00)
Mensaje * / 00:00:02:425 / Root(00) para top(01)
Mensaje * / 00:00:02:425 / top(01) para framegrabber(03)
Mensaje * / 00:00:02:425 / framegrabber(03) para interface(04)
Mensaje Y / 00:00:02:425 / interface(04) / imageout /   4801.00000 para framegrabber(03)
Mensaje D / 00:00:02:425 / interface(04) / 00:00:00:029 para framegrabber(03)
Mensaje Y / 00:00:02:425 / framegrabber(03) / imageout /   4801.00000 para top(01)
Mensaje D / 00:00:02:425 / framegrabber(03) / 00:00:00:029 para top(01)
Mensaje Y / 00:00:02:425 / top(01) / imagebufout /   4801.00000 para Root(00)
Mensaje D / 00:00:02:425 / top(01) / 00:00:00:002 para Root(00)
Mensaje * / 00:00:02:427 / Root(00) para top(01)
Mensaje * / 00:00:02:427 / top(01) para camera(02)
Mensaje Y / 00:00:02:427 / camera(02) / imagedataout /  -4801.00000 para top(01)
Mensaje D / 00:00:02:427 / camera(02) / ... para top(01)
Mensaje X / 00:00:02:427 / top(01) / imagein /  -4801.00000 para framegrabber(03)
Mensaje X / 00:00:02:427 / framegrabber(03) / imagein /  -4801.00000 para im_acq(05)
Mensaje D / 00:00:02:427 / im_acq(05) / 00:00:00:000 para framegrabber(03)
Mensaje D / 00:00:02:427 / framegrabber(03) / 00:00:00:000 para top(01)
Mensaje D / 00:00:02:427 / top(01) / 00:00:00:000 para Root(00)
Mensaje * / 00:00:02:427 / Root(00) para top(01)
Mensaje * / 00:00:02:427 / top(01) para framegrabber(03)
Mensaje * / 00:00:02:427 / framegrabber(03) para im_acq(05)
Mensaje Y / 00:00:02:427 / im_acq(05) / imageout /  -4801.00000 para framegrabber(03)
Mensaje D / 00:00:02:427 / im_acq(05) / ... para framegrabber(03)
Mensaje X / 00:00:02:427 / framegrabber(03) / imagein /  -4801.00000 para interface(04)
Mensaje D / 00:00:02:427 / interface(04) / 00:00:00:027 para framegrabber(03)
Mensaje D / 00:00:02:427 / framegrabber(03) / 00:00:00:027 para top(01)
Mensaje D / 00:00:02:427 / top(01) / 00:00:00:027 para Root(00)
Mensaje * / 00:00:02:454 / Root(00) para top(01)
Mensaje * / 00:00:02:454 / top(01) para framegrabber(03)
Mensaje * / 00:00:02:454 / framegrabber(03) para interface(04)
Mensaje Y / 00:00:02:454 / interface(04) / imageout /  -4801.00000 para framegrabber(03)
Mensaje D / 00:00:02:454 / interface(04) / ... para framegrabber(03)
Mensaje Y / 00:00:02:454 / framegrabber(03) / imageout /  -4801.00000 para top(01)
Mensaje D / 00:00:02:454 / framegrabber(03) / ... para top(01)
Mensaje Y / 00:00:02:454 / top(01) / imagebufout /  -4801.00000 para Root(00)
Mensaje D / 00:00:02:454 / top(01) / ... para Root(00)
Mensaje X / 00:00:03:000 / Root(00) / cmndin /     66.00000 para top(01)
Mensaje X / 00:00:03:000 / top(01) / cin /     66.00000 para framegrabber(03)
Mensaje X / 00:00:03:000 / framegrabber(03) / hcommandin /     66.00000 para interface(04)
Mensaje D / 00:00:03:000 / interface(04) / 00:00:00:000 para framegrabber(03)
Mensaje D / 00:00:03:000 / framegrabber(03) / 00:00:00:000 para top(01)
Mensaje D / 00:00:03:000 / top(01) / 00:00:00:000 para Root(00)
Mensaje * / 00:00:03:000 / Root(00) para top(01)
Mensaje * / 00:00:03:000 / top(01) para framegrabber(03)
Mensaje * / 00:00:03:000 / framegrabber(03) para interface(04)
Mensaje Y / 00:00:03:000 / interface(04) / imacqout /      4.00000 para framegrabber(03)
Mensaje D / 00:00:03:000 / interface(04) / ... para framegrabber(03)
Mensaje X / 00:00:03:000 / framegrabber(03) / icommandin /      4.00000 para im_acq(05)
Mensaje D / 00:00:03:000 / im_acq(05) / 00:00:00:000 para framegrabber(03)
Mensaje D / 00:00:03:000 / framegrabber(03) / 00:00:00:000 para top(01)
Mensaje D / 00:00:03:000 / top(01) / 00:00:00:000 para Root(00)
Mensaje * / 00:00:03:000 / Root(00) para top(01)
Mensaje * / 00:00:03:000 / top(01) para framegrabber(03)
Mensaje * / 00:00:03:000 / framegrabber(03) para im_acq(05)
Mensaje Y / 00:00:03:000 / im_acq(05) / responseout /      1.00000 para framegrabber(03)
Mensaje D / 00:00:03:000 / im_acq(05) / ... para framegrabber(03)
Mensaje X / 00:00:03:000 / framegrabber(03) / responsein /      1.00000 para interface(04)
Mensaje D / 00:00:03:000 / interface(04) / 00:00:00:000 para framegrabber(03)
Mensaje D / 00:00:03:000 / framegrabber(03) / 00:00:00:000 para top(01)
Mensaje D / 00:00:03:000 / top(01) / 00:00:00:000 para Root(00)
Mensaje * / 00:00:03:000 / Root(00) para top(01)
Mensaje * / 00:00:03:000 / top(01) para framegrabber(03)
Mensaje * / 00:00:03:000 / framegrabber(03) para interface(04)
Mensaje Y / 00:00:03:000 / interface(04) / responseout /      1.00000 para framegrabber(03)
Mensaje D / 00:00:03:000 / interface(04) / ... para framegrabber(03)
Mensaje Y / 00:00:03:000 / framegrabber(03) / responseout /      1.00000 para top(01)
Mensaje D / 00:00:03:000 / framegrabber(03) / ... para top(01)
Mensaje Y / 00:00:03:000 / top(01) / respout /      1.00000 para Root(00)
Mensaje D / 00:00:03:000 / top(01) / ... para Root(00)
Mensaje X / 00:00:03:200 / Root(00) / cmndin /    273.00000 para top(01)
Mensaje X / 00:00:03:200 / top(01) / cin /    273.00000 para framegrabber(03)
Mensaje X / 00:00:03:200 / framegrabber(03) / hcommandin /    273.00000 para interface(04)
Mensaje D / 00:00:03:200 / interface(04) / ... para framegrabber(03)
Mensaje D / 00:00:03:200 / framegrabber(03) / ... para top(01)
Mensaje D / 00:00:03:200 / top(01) / ... para Root(00)
Mensaje X / 00:00:03:700 / Root(00) / triggerin /      1.00000 para top(01)
Mensaje X / 00:00:03:700 / top(01) / trigin /      1.00000 para framegrabber(03)
Mensaje X / 00:00:03:700 / framegrabber(03) / trigin /      1.00000 para timer(06)
Mensaje D / 00:00:03:700 / timer(06) / 00:00:00:059 para framegrabber(03)
Mensaje D / 00:00:03:700 / framegrabber(03) / 00:00:00:059 para top(01)
Mensaje D / 00:00:03:700 / top(01) / 00:00:00:059 para Root(00)
Mensaje * / 00:00:03:759 / Root(00) para top(01)
Mensaje * / 00:00:03:759 / top(01) para framegrabber(03)
Mensaje * / 00:00:03:759 / framegrabber(03) para timer(06)
Mensaje Y / 00:00:03:759 / timer(06) / timerout /      1.00000 para framegrabber(03)
Mensaje D / 00:00:03:759 / timer(06) / 00:00:00:050 para framegrabber(03)
Mensaje Y / 00:00:03:759 / framegrabber(03) / timerout /      1.00000 para top(01)
Mensaje D / 00:00:03:759 / framegrabber(03) / 00:00:00:050 para top(01)
Mensaje X / 00:00:03:759 / top(01) / trigin /      1.00000 para camera(02)
Mensaje D / 00:00:03:759 / camera(02) / 00:00:00:033 para top(01)
Mensaje D / 00:00:03:759 / top(01) / 00:00:00:033 para Root(00)
Mensaje * / 00:00:03:792 / Root(00) para top(01)
Mensaje * / 00:00:03:792 / top(01) para camera(02)
Mensaje D / 00:00:03:792 / camera(02) / 00:00:00:033 para top(01)
Mensaje D / 00:00:03:792 / top(01) / 00:00:00:017 para Root(00)
Mensaje * / 00:00:03:809 / Root(00) para top(01)
Mensaje * / 00:00:03:809 / top(01) para framegrabber(03)
Mensaje * / 00:00:03:809 / framegrabber(03) para timer(06)
Mensaje Y / 00:00:03:809 / timer(06) / timerout /     -1.00000 para framegrabber(03)
Mensaje D / 00:00:03:809 / timer(06) / 00:00:00:000 para framegrabber(03)
Mensaje Y / 00:00:03:809 / framegrabber(03) / timerout /     -1.00000 para top(01)
Mensaje D / 00:00:03:809 / framegrabber(03) / 00:00:00:000 para top(01)
Mensaje X / 00:00:03:809 / top(01) / trigin /     -1.00000 para camera(02)
Mensaje D / 00:00:03:809 / camera(02) / 00:00:00:016 para top(01)
Mensaje D / 00:00:03:809 / top(01) / 00:00:00:000 para Root(00)
Mensaje * / 00:00:03:809 / Root(00) para top(01)
Mensaje * / 00:00:03:809 / top(01) para framegrabber(03)
Mensaje * / 00:00:03:809 / framegrabber(03) para timer(06)
Mensaje D / 00:00:03:809 / timer(06) / ... para framegrabber(03)
Mensaje D / 00:00:03:809 / framegrabber(03) / ... para top(01)
Mensaje D / 00:00:03:809 / top(01) / 00:00:00:016 para Root(00)
Mensaje * / 00:00:03:825 / Root(00) para top(01)
Mensaje * / 00:00:03:825 / top(01) para camera(02)
Mensaje Y / 00:00:03:825 / camera(02) / imagedataout /   4802.00000 para top(01)
Mensaje D / 00:00:03:825 / camera(02) / 00:00:00:002 para top(01)
Mensaje X / 00:00:03:825 / top(01) / imagein /   4802.00000 para framegrabber(03)
Mensaje X / 00:00:03:825 / framegrabber(03) / imagein /   4802.00000 para im_acq(05)
Mensaje D / 00:00:03:825 / im_acq(05) / ... para framegrabber(03)
Mensaje D / 00:00:03:825 / framegrabber(03) / ... para top(01)
Mensaje D / 00:00:03:825 / top(01) / 00:00:00:002 para Root(00)
Mensaje * / 00:00:03:827 / Root(00) para top(01)
Mensaje * / 00:00:03:827 / top(01) para camera(02)
Mensaje Y / 00:00:03:827 / camera(02) / imagedataout /  -4802.00000 para top(01)
Mensaje D / 00:00:03:827 / camera(02) / ... para top(01)
Mensaje X / 00:00:03:827 / top(01) / imagein /  -4802.00000 para framegrabber(03)
Mensaje X / 00:00:03:827 / framegrabber(03) / imagein /  -4802.00000 para im_acq(05)
Mensaje D / 00:00:03:827 / im_acq(05) / ... para framegrabber(03)
Mensaje D / 00:00:03:827 / framegrabber(03) / ... para top(01)
Mensaje D / 00:00:03:827 / top(01) / ... para Root(00)
Mensaje X / 00:00:04:000 / Root(00) / cmndin /  76819.00000 para top(01)
Mensaje X / 00:00:04:000 / top(01) / cin /  76819.00000 para framegrabber(03)
Mensaje X / 00:00:04:000 / framegrabber(03) / hcommandin /  76819.00000 para interface(04)
Mensaje D / 00:00:04:000 / interface(04) / 00:00:00:000 para framegrabber(03)
Mensaje D / 00:00:04:000 / framegrabber(03) / 00:00:00:000 para top(01)
Mensaje D / 00:00:04:000 / top(01) / 00:00:00:000 para Root(00)
Mensaje * / 00:00:04:000 / Root(00) para top(01)
Mensaje * / 00:00:04:000 / top(01) para framegrabber(03)
Mensaje * / 00:00:04:000 / framegrabber(03) para interface(04)
Mensaje Y / 00:00:04:000 / interface(04) / bufout /   4801.00000 para framegrabber(03)
Mensaje D / 00:00:04:000 / interface(04) / ... para framegrabber(03)
Mensaje X / 00:00:04:000 / framegrabber(03) / bcommandin /   4801.00000 para buffer(07)
Mensaje D / 00:00:04:000 / buffer(07) / ... para framegrabber(03)
Mensaje D / 00:00:04:000 / framegrabber(03) / ... para top(01)
Mensaje D / 00:00:04:000 / top(01) / ... para Root(00)
Mensaje X / 00:00:04:250 / Root(00) / cmndin /     34.00000 para top(01)
Mensaje X / 00:00:04:250 / top(01) / cin /     34.00000 para framegrabber(03)
Mensaje X / 00:00:04:250 / framegrabber(03) / hcommandin /     34.00000 para interface(04)
Mensaje D / 00:00:04:250 / interface(04) / 00:00:00:000 para framegrabber(03)
Mensaje D / 00:00:04:250 / framegrabber(03) / 00:00:00:000 para top(01)
Mensaje D / 00:00:04:250 / top(01) / 00:00:00:000 para Root(00)
Mensaje * / 00:00:04:250 / Root(00) para top(01)
Mensaje * / 00:00:04:250 / top(01) para framegrabber(03)
Mensaje * / 00:00:04:250 / framegrabber(03) para interface(04)
Mensaje Y / 00:00:04:250 / interface(04) / imacqout /      2.00000 para framegrabber(03)
Mensaje D / 00:00:04:250 / interface(04) / ... para framegrabber(03)
Mensaje X / 00:00:04:250 / framegrabber(03) / icommandin /      2.00000 para im_acq(05)
Mensaje D / 00:00:04:250 / im_acq(05) / ... para framegrabber(03)
Mensaje D / 00:00:04:250 / framegrabber(03) / ... para top(01)
Mensaje D / 00:00:04:250 / top(01) / ... para Root(00)
Mensaje X / 00:00:04:440 / Root(00) / triggerin /      1.00000 para top(01)
Mensaje X / 00:00:04:440 / top(01) / trigin /      1.00000 para framegrabber(03)
Mensaje X / 00:00:04:440 / framegrabber(03) / trigin /      1.00000 para timer(06)
Mensaje D / 00:00:04:440 / timer(06) / 00:00:00:059 para framegrabber(03)
Mensaje D / 00:00:04:440 / framegrabber(03) / 00:00:00:059 para top(01)
Mensaje D / 00:00:04:440 / top(01) / 00:00:00:059 para Root(00)
Mensaje * / 00:00:04:499 / Root(00) para top(01)
Mensaje * / 00:00:04:499 / top(01) para framegrabber(03)
Mensaje * / 00:00:04:499 / framegrabber(03) para timer(06)
Mensaje Y / 00:00:04:499 / timer(06) / timerout /      1.00000 para framegrabber(03)
Mensaje D / 00:00:04:499 / timer(06) / 00:00:00:050 para framegrabber(03)
Mensaje Y / 00:00:04:499 / framegrabber(03) / timerout /      1.00000 para top(01)
Mensaje D / 00:00:04:499 / framegrabber(03) / 00:00:00:050 para top(01)
Mensaje X / 00:00:04:499 / top(01) / trigin /      1.00000 para camera(02)
Mensaje D / 00:00:04:499 / camera(02) / 00:00:00:033 para top(01)
Mensaje D / 00:00:04:499 / top(01) / 00:00:00:033 para Root(00)
Mensaje * / 00:00:04:532 / Root(00) para top(01)
Mensaje * / 00:00:04:532 / top(01) para camera(02)
Mensaje D / 00:00:04:532 / camera(02) / 00:00:00:033 para top(01)
Mensaje D / 00:00:04:532 / top(01) / 00:00:00:017 para Root(00)
Mensaje * / 00:00:04:549 / Root(00) para top(01)
Mensaje * / 00:00:04:549 / top(01) para framegrabber(03)
Mensaje * / 00:00:04:549 / framegrabber(03) para timer(06)
Mensaje Y / 00:00:04:549 / timer(06) / timerout /     -1.00000 para framegrabber(03)
Mensaje D / 00:00:04:549 / timer(06) / 00:00:00:000 para framegrabber(03)
Mensaje Y / 00:00:04:549 / framegrabber(03) / timerout /     -1.00000 para top(01)
Mensaje D / 00:00:04:549 / framegrabber(03) / 00:00:00:000 para top(01)
Mensaje X / 00:00:04:549 / top(01) / trigin /     -1.00000 para camera(02)
Mensaje D / 00:00:04:549 / camera(02) / 00:00:00:016 para top(01)
Mensaje D / 00:00:04:549 / top(01) / 00:00:00:000 para Root(00)
Mensaje * / 00:00:04:549 / Root(00) para top(01)
Mensaje * / 00:00:04:549 / top(01) para framegrabber(03)
Mensaje * / 00:00:04:549 / framegrabber(03) para timer(06)
Mensaje D / 00:00:04:549 / timer(06) / ... para framegrabber(03)
Mensaje D / 00:00:04:549 / framegrabber(03) / ... para top(01)
Mensaje D / 00:00:04:549 / top(01) / 00:00:00:016 para Root(00)
Mensaje * / 00:00:04:565 / Root(00) para top(01)
Mensaje * / 00:00:04:565 / top(01) para camera(02)
Mensaje Y / 00:00:04:565 / camera(02) / imagedataout /   4801.00000 para top(01)
Mensaje D / 00:00:04:565 / camera(02) / 00:00:00:002 para top(01)
Mensaje X / 00:00:04:565 / top(01) / imagein /   4801.00000 para framegrabber(03)
Mensaje X / 00:00:04:565 / framegrabber(03) / imagein /   4801.00000 para im_acq(05)
Mensaje D / 00:00:04:565 / im_acq(05) / 00:00:00:000 para framegrabber(03)
Mensaje D / 00:00:04:565 / framegrabber(03) / 00:00:00:000 para top(01)
Mensaje D / 00:00:04:565 / top(01) / 00:00:00:000 para Root(00)
Mensaje * / 00:00:04:565 / Root(00) para top(01)
Mensaje * / 00:00:04:565 / top(01) para framegrabber(03)
Mensaje * / 00:00:04:565 / framegrabber(03) para im_acq(05)
Mensaje Y / 00:00:04:565 / im_acq(05) / imageout /   4801.00000 para framegrabber(03)
Mensaje D / 00:00:04:565 / im_acq(05) / ... para framegrabber(03)
Mensaje X / 00:00:04:565 / framegrabber(03) / imagein /   4801.00000 para interface(04)
Mensaje D / 00:00:04:565 / interface(04) / 00:00:00:000 para framegrabber(03)
Mensaje D / 00:00:04:565 / framegrabber(03) / 00:00:00:000 para top(01)
Mensaje D / 00:00:04:565 / top(01) / 00:00:00:000 para Root(00)
Mensaje * / 00:00:04:565 / Root(00) para top(01)
Mensaje * / 00:00:04:565 / top(01) para framegrabber(03)
Mensaje * / 00:00:04:565 / framegrabber(03) para interface(04)
Mensaje Y / 00:00:04:565 / interface(04) / bufout /  76819.00000 para framegrabber(03)
Mensaje D / 00:00:04:565 / interface(04) / ... para framegrabber(03)
Mensaje X / 00:00:04:565 / framegrabber(03) / bcommandin /  76819.00000 para buffer(07)
Mensaje D / 00:00:04:565 / buffer(07) / ... para framegrabber(03)
Mensaje D / 00:00:04:565 / framegrabber(03) / ... para top(01)
Mensaje D / 00:00:04:565 / top(01) / 00:00:00:002 para Root(00)
Mensaje * / 00:00:04:567 / Root(00) para top(01)
Mensaje * / 00:00:04:567 / top(01) para camera(02)
Mensaje Y / 00:00:04:567 / camera(02) / imagedataout /  -4801.00000 para top(01)
Mensaje D / 00:00:04:567 / camera(02) / ... para top(01)
Mensaje X / 00:00:04:567 / top(01) / imagein /  -4801.00000 para framegrabber(03)
Mensaje X / 00:00:04:567 / framegrabber(03) / imagein /  -4801.00000 para im_acq(05)
Mensaje D / 00:00:04:567 / im_acq(05) / 00:00:00:000 para framegrabber(03)
Mensaje D / 00:00:04:567 / framegrabber(03) / 00:00:00:000 para top(01)
Mensaje D / 00:00:04:567 / top(01) / 00:00:00:000 para Root(00)
Mensaje * / 00:00:04:567 / Root(00) para top(01)
Mensaje * / 00:00:04:567 / top(01) para framegrabber(03)
Mensaje * / 00:00:04:567 / framegrabber(03) para im_acq(05)
Mensaje Y / 00:00:04:567 / im_acq(05) / imageout /  -4801.00000 para framegrabber(03)
Mensaje D / 00:00:04:567 / im_acq(05) / ... para framegrabber(03)
Mensaje X / 00:00:04:567 / framegrabber(03) / imagein /  -4801.00000 para interface(04)
Mensaje D / 00:00:04:567 / interface(04) / ... para framegrabber(03)
Mensaje D / 00:00:04:567 / framegrabber(03) / ... para top(01)
Mensaje D / 00:00:04:567 / top(01) / ... para Root(00)
Mensaje X / 00:00:06:000 / Root(00) / cmndin /     67.00000 para top(01)
Mensaje X / 00:00:06:000 / top(01) / cin /     67.00000 para framegrabber(03)
Mensaje X / 00:00:06:000 / framegrabber(03) / hcommandin /     67.00000 para interface(04)
Mensaje D / 00:00:06:000 / interface(04) / 00:00:00:000 para framegrabber(03)
Mensaje D / 00:00:06:000 / framegrabber(03) / 00:00:00:000 para top(01)
Mensaje D / 00:00:06:000 / top(01) / 00:00:00:000 para Root(00)
Mensaje * / 00:00:06:000 / Root(00) para top(01)
Mensaje * / 00:00:06:000 / top(01) para framegrabber(03)
Mensaje * / 00:00:06:000 / framegrabber(03) para interface(04)
Mensaje Y / 00:00:06:000 / interface(04) / bufout /      4.00000 para framegrabber(03)
Mensaje D / 00:00:06:000 / interface(04) / ... para framegrabber(03)
Mensaje X / 00:00:06:000 / framegrabber(03) / bcommandin /      4.00000 para buffer(07)
Mensaje D / 00:00:06:000 / buffer(07) / 00:00:00:000 para framegrabber(03)
Mensaje D / 00:00:06:000 / framegrabber(03) / 00:00:00:000 para top(01)
Mensaje D / 00:00:06:000 / top(01) / 00:00:00:000 para Root(00)
Mensaje * / 00:00:06:000 / Root(00) para top(01)
Mensaje * / 00:00:06:000 / top(01) para framegrabber(03)
Mensaje * / 00:00:06:000 / framegrabber(03) para buffer(07)
Mensaje Y / 00:00:06:000 / buffer(07) / imageout /   4801.00000 para framegrabber(03)
Mensaje D / 00:00:06:000 / buffer(07) / 00:00:00:029 para framegrabber(03)
Mensaje X / 00:00:06:000 / framegrabber(03) / imagein /   4801.00000 para interface(04)
Mensaje D / 00:00:06:000 / interface(04) / 00:00:00:000 para framegrabber(03)
Mensaje D / 00:00:06:000 / framegrabber(03) / 00:00:00:000 para top(01)
Mensaje D / 00:00:06:000 / top(01) / 00:00:00:000 para Root(00)
Mensaje * / 00:00:06:000 / Root(00) para top(01)
Mensaje * / 00:00:06:000 / top(01) para framegrabber(03)
Mensaje * / 00:00:06:000 / framegrabber(03) para interface(04)
Mensaje Y / 00:00:06:000 / interface(04) / imageout /   4801.00000 para framegrabber(03)
Mensaje D / 00:00:06:000 / interface(04) / 00:00:00:029 para framegrabber(03)
Mensaje Y / 00:00:06:000 / framegrabber(03) / imageout /   4801.00000 para top(01)
Mensaje D / 00:00:06:000 / framegrabber(03) / 00:00:00:029 para top(01)
Mensaje Y / 00:00:06:000 / top(01) / imagebufout /   4801.00000 para Root(00)
Mensaje D / 00:00:06:000 / top(01) / 00:00:00:029 para Root(00)
Mensaje * / 00:00:06:029 / Root(00) para top(01)
Mensaje * / 00:00:06:029 / top(01) para framegrabber(03)
Mensaje * / 00:00:06:029 / framegrabber(03) para interface(04)
Mensaje Y / 00:00:06:029 / interface(04) / imageout /  -4801.00000 para framegrabber(03)
Mensaje D / 00:00:06:029 / interface(04) / ... para framegrabber(03)
Mensaje Y / 00:00:06:029 / framegrabber(03) / imageout /  -4801.00000 para top(01)
Mensaje D / 00:00:06:029 / framegrabber(03) / 00:00:00:000 para top(01)
Mensaje Y / 00:00:06:029 / top(01) / imagebufout /  -4801.00000 para Root(00)
Mensaje D / 00:00:06:029 / top(01) / 00:00:00:000 para Root(00)
Mensaje * / 00:00:06:029 / Root(00) para top(01)
Mensaje * / 00:00:06:029 / top(01) para framegrabber(03)
Mensaje * / 00:00:06:029 / framegrabber(03) para buffer(07)
Mensaje Y / 00:00:06:029 / buffer(07) / imageout /  -4801.00000 para framegrabber(03)
Mensaje D / 00:00:06:029 / buffer(07) / ... para framegrabber(03)
Mensaje X / 00:00:06:029 / framegrabber(03) / imagein /  -4801.00000 para interface(04)
Mensaje D / 00:00:06:029 / interface(04) / ... para framegrabber(03)
Mensaje D / 00:00:06:029 / framegrabber(03) / ... para top(01)
Mensaje D / 00:00:06:029 / top(01) / ... para Root(00)
