Mensaje I / 00:00:00:000 / Root(00) para top(01)
Mensaje I / 00:00:00:000 / top(01) para grabber(02)
Mensaje D / 00:00:00:000 / grabber(02) / ... para top(01)
Mensaje D / 00:00:00:000 / top(01) / ... para Root(00)
Mensaje X / 00:00:00:005 / Root(00) / commandin /   4801.00000 para top(01)
Mensaje X / 00:00:00:005 / top(01) / icommandin /   4801.00000 para grabber(02)
Mensaje D / 00:00:00:005 / grabber(02) / ... para top(01)
Mensaje D / 00:00:00:005 / top(01) / ... para Root(00)
Mensaje X / 00:00:00:020 / Root(00) / imagein /   4801.00000 para top(01)
Mensaje X / 00:00:00:020 / top(01) / imagein /   4801.00000 para grabber(02)
Mensaje D / 00:00:00:020 / grabber(02) / ... para top(01)
Mensaje D / 00:00:00:020 / top(01) / ... para Root(00)
Mensaje X / 00:00:00:021 / Root(00) / imagein /  -4801.00000 para top(01)
Mensaje X / 00:00:00:021 / top(01) / imagein /  -4801.00000 para grabber(02)
Mensaje D / 00:00:00:021 / grabber(02) / ... para top(01)
Mensaje D / 00:00:00:021 / top(01) / ... para Root(00)
Mensaje X / 00:00:30:000 / Root(00) / commandin /      2.00000 para top(01)
Mensaje X / 00:00:30:000 / top(01) / icommandin /      2.00000 para grabber(02)
Mensaje D / 00:00:30:000 / grabber(02) / ... para top(01)
Mensaje D / 00:00:30:000 / top(01) / ... para Root(00)
Mensaje X / 00:00:31:000 / Root(00) / imagein /   4806.00000 para top(01)
Mensaje X / 00:00:31:000 / top(01) / imagein /   4806.00000 para grabber(02)
Mensaje D / 00:00:31:000 / grabber(02) / 00:00:00:000 para top(01)
Mensaje D / 00:00:31:000 / top(01) / 00:00:00:000 para Root(00)
Mensaje * / 00:00:31:000 / Root(00) para top(01)
Mensaje * / 00:00:31:000 / top(01) para grabber(02)
Mensaje Y / 00:00:31:000 / grabber(02) / imageout /   4806.00000 para top(01)
Mensaje D / 00:00:31:000 / grabber(02) / ... para top(01)
Mensaje Y / 00:00:31:000 / top(01) / imageout /   4806.00000 para Root(00)
Mensaje D / 00:00:31:000 / top(01) / ... para Root(00)
Mensaje X / 00:00:31:001 / Root(00) / imagein /  -4806.00000 para top(01)
Mensaje X / 00:00:31:001 / top(01) / imagein /  -4806.00000 para grabber(02)
Mensaje D / 00:00:31:001 / grabber(02) / 00:00:00:000 para top(01)
Mensaje D / 00:00:31:001 / top(01) / 00:00:00:000 para Root(00)
Mensaje * / 00:00:31:001 / Root(00) para top(01)
Mensaje * / 00:00:31:001 / top(01) para grabber(02)
Mensaje Y / 00:00:31:001 / grabber(02) / imageout /  -4806.00000 para top(01)
Mensaje D / 00:00:31:001 / grabber(02) / ... para top(01)
Mensaje Y / 00:00:31:001 / top(01) / imageout /  -4806.00000 para Root(00)
Mensaje D / 00:00:31:001 / top(01) / ... para Root(00)
Mensaje X / 00:00:33:000 / Root(00) / commandin /      3.00000 para top(01)
Mensaje X / 00:00:33:000 / top(01) / icommandin /      3.00000 para grabber(02)
Mensaje D / 00:00:33:000 / grabber(02) / ... para top(01)
Mensaje D / 00:00:33:000 / top(01) / ... para Root(00)
Mensaje X / 00:00:33:030 / Root(00) / imagein /   4807.00000 para top(01)
Mensaje X / 00:00:33:030 / top(01) / imagein /   4807.00000 para grabber(02)
Mensaje D / 00:00:33:030 / grabber(02) / 00:00:00:000 para top(01)
Mensaje D / 00:00:33:030 / top(01) / 00:00:00:000 para Root(00)
Mensaje * / 00:00:33:030 / Root(00) para top(01)
Mensaje * / 00:00:33:030 / top(01) para grabber(02)
Mensaje Y / 00:00:33:030 / grabber(02) / imageout /   4807.00000 para top(01)
Mensaje D / 00:00:33:030 / grabber(02) / ... para top(01)
Mensaje Y / 00:00:33:030 / top(01) / imageout /   4807.00000 para Root(00)
Mensaje D / 00:00:33:030 / top(01) / ... para Root(00)
Mensaje X / 00:00:33:031 / Root(00) / imagein /  -4807.00000 para top(01)
Mensaje X / 00:00:33:031 / top(01) / imagein /  -4807.00000 para grabber(02)
Mensaje D / 00:00:33:031 / grabber(02) / 00:00:00:000 para top(01)
Mensaje D / 00:00:33:031 / top(01) / 00:00:00:000 para Root(00)
Mensaje * / 00:00:33:031 / Root(00) para top(01)
Mensaje * / 00:00:33:031 / top(01) para grabber(02)
Mensaje Y / 00:00:33:031 / grabber(02) / imageout /  -4807.00000 para top(01)
Mensaje D / 00:00:33:031 / grabber(02) / ... para top(01)
Mensaje Y / 00:00:33:031 / top(01) / imageout /  -4807.00000 para Root(00)
Mensaje D / 00:00:33:031 / top(01) / ... para Root(00)
Mensaje X / 00:00:34:000 / Root(00) / imagein /   4808.00000 para top(01)
Mensaje X / 00:00:34:000 / top(01) / imagein /   4808.00000 para grabber(02)
Mensaje D / 00:00:34:000 / grabber(02) / 00:00:00:000 para top(01)
Mensaje D / 00:00:34:000 / top(01) / 00:00:00:000 para Root(00)
Mensaje * / 00:00:34:000 / Root(00) para top(01)
Mensaje * / 00:00:34:000 / top(01) para grabber(02)
Mensaje Y / 00:00:34:000 / grabber(02) / imageout /   4808.00000 para top(01)
Mensaje D / 00:00:34:000 / grabber(02) / ... para top(01)
Mensaje Y / 00:00:34:000 / top(01) / imageout /   4808.00000 para Root(00)
Mensaje D / 00:00:34:000 / top(01) / ... para Root(00)
Mensaje X / 00:00:34:001 / Root(00) / imagein /  -4808.00000 para top(01)
Mensaje X / 00:00:34:001 / top(01) / imagein /  -4808.00000 para grabber(02)
Mensaje D / 00:00:34:001 / grabber(02) / 00:00:00:000 para top(01)
Mensaje D / 00:00:34:001 / top(01) / 00:00:00:000 para Root(00)
Mensaje * / 00:00:34:001 / Root(00) para top(01)
Mensaje * / 00:00:34:001 / top(01) para grabber(02)
Mensaje Y / 00:00:34:001 / grabber(02) / imageout /  -4808.00000 para top(01)
Mensaje D / 00:00:34:001 / grabber(02) / ... para top(01)
Mensaje Y / 00:00:34:001 / top(01) / imageout /  -4808.00000 para Root(00)
Mensaje D / 00:00:34:001 / top(01) / ... para Root(00)
Mensaje X / 00:00:35:030 / Root(00) / imagein /   4809.00000 para top(01)
Mensaje X / 00:00:35:030 / top(01) / imagein /   4809.00000 para grabber(02)
Mensaje D / 00:00:35:030 / grabber(02) / 00:00:00:000 para top(01)
Mensaje D / 00:00:35:030 / top(01) / 00:00:00:000 para Root(00)
Mensaje * / 00:00:35:030 / Root(00) para top(01)
Mensaje * / 00:00:35:030 / top(01) para grabber(02)
Mensaje Y / 00:00:35:030 / grabber(02) / imageout /   4809.00000 para top(01)
Mensaje D / 00:00:35:030 / grabber(02) / ... para top(01)
Mensaje Y / 00:00:35:030 / top(01) / imageout /   4809.00000 para Root(00)
Mensaje D / 00:00:35:030 / top(01) / ... para Root(00)
Mensaje X / 00:00:35:031 / Root(00) / imagein /  -4809.00000 para top(01)
Mensaje X / 00:00:35:031 / top(01) / imagein /  -4809.00000 para grabber(02)
Mensaje D / 00:00:35:031 / grabber(02) / 00:00:00:000 para top(01)
Mensaje D / 00:00:35:031 / top(01) / 00:00:00:000 para Root(00)
Mensaje * / 00:00:35:031 / Root(00) para top(01)
Mensaje * / 00:00:35:031 / top(01) para grabber(02)
Mensaje Y / 00:00:35:031 / grabber(02) / imageout /  -4809.00000 para top(01)
Mensaje D / 00:00:35:031 / grabber(02) / ... para top(01)
Mensaje Y / 00:00:35:031 / top(01) / imageout /  -4809.00000 para Root(00)
Mensaje D / 00:00:35:031 / top(01) / ... para Root(00)
Mensaje X / 00:00:36:000 / Root(00) / commandin /      4.00000 para top(01)
Mensaje X / 00:00:36:000 / top(01) / icommandin /      4.00000 para grabber(02)
Mensaje D / 00:00:36:000 / grabber(02) / 00:00:00:000 para top(01)
Mensaje D / 00:00:36:000 / top(01) / 00:00:00:000 para Root(00)
Mensaje * / 00:00:36:000 / Root(00) para top(01)
Mensaje * / 00:00:36:000 / top(01) para grabber(02)
Mensaje Y / 00:00:36:000 / grabber(02) / responseout /      1.00000 para top(01)
Mensaje D / 00:00:36:000 / grabber(02) / ... para top(01)
Mensaje Y / 00:00:36:000 / top(01) / responseout /      1.00000 para Root(00)
Mensaje D / 00:00:36:000 / top(01) / ... para Root(00)
Mensaje X / 00:00:37:000 / Root(00) / commandin /      2.00000 para top(01)
Mensaje X / 00:00:37:000 / top(01) / icommandin /      2.00000 para grabber(02)
Mensaje D / 00:00:37:000 / grabber(02) / ... para top(01)
Mensaje D / 00:00:37:000 / top(01) / ... para Root(00)
Mensaje X / 00:00:38:000 / Root(00) / imagein /   5901.00000 para top(01)
Mensaje X / 00:00:38:000 / top(01) / imagein /   5901.00000 para grabber(02)
Mensaje D / 00:00:38:000 / grabber(02) / 00:00:00:000 para top(01)
Mensaje D / 00:00:38:000 / top(01) / 00:00:00:000 para Root(00)
Mensaje * / 00:00:38:000 / Root(00) para top(01)
Mensaje * / 00:00:38:000 / top(01) para grabber(02)
Mensaje Y / 00:00:38:000 / grabber(02) / imageout /   5901.00000 para top(01)
Mensaje D / 00:00:38:000 / grabber(02) / ... para top(01)
Mensaje Y / 00:00:38:000 / top(01) / imageout /   5901.00000 para Root(00)
Mensaje D / 00:00:38:000 / top(01) / ... para Root(00)
Mensaje X / 00:00:38:001 / Root(00) / imagein /  -5901.00000 para top(01)
Mensaje X / 00:00:38:001 / top(01) / imagein /  -5901.00000 para grabber(02)
Mensaje D / 00:00:38:001 / grabber(02) / 00:00:00:000 para top(01)
Mensaje D / 00:00:38:001 / top(01) / 00:00:00:000 para Root(00)
Mensaje * / 00:00:38:001 / Root(00) para top(01)
Mensaje * / 00:00:38:001 / top(01) para grabber(02)
Mensaje Y / 00:00:38:001 / grabber(02) / responseout /     -6.00000 para top(01)
Mensaje Y / 00:00:38:001 / grabber(02) / imageout /  -5901.00000 para top(01)
Mensaje D / 00:00:38:001 / grabber(02) / ... para top(01)
Mensaje Y / 00:00:38:001 / top(01) / responseout /     -6.00000 para Root(00)
Mensaje Y / 00:00:38:001 / top(01) / imageout /  -5901.00000 para Root(00)
Mensaje D / 00:00:38:001 / top(01) / ... para Root(00)
