Mensaje I / 00:00:00:000 / Root(00) para top(01)
Mensaje I / 00:00:00:000 / top(01) para timer(02)
Mensaje D / 00:00:00:000 / timer(02) / ... para top(01)
Mensaje D / 00:00:00:000 / top(01) / ... para Root(00)
Mensaje X / 00:00:05:000 / Root(00) / trigin /      1.00000 para top(01)
Mensaje X / 00:00:05:000 / top(01) / trigin /      1.00000 para timer(02)
Mensaje D / 00:00:05:000 / timer(02) / ... para top(01)
Mensaje D / 00:00:05:000 / top(01) / ... para Root(00)
Mensaje X / 00:00:10:000 / Root(00) / commandin /      4.00000 para top(01)
Mensaje X / 00:00:10:000 / top(01) / tcommandin /      4.00000 para timer(02)
Mensaje D / 00:00:10:000 / timer(02) / 00:00:00:000 para top(01)
Mensaje D / 00:00:10:000 / top(01) / 00:00:00:000 para Root(00)
Mensaje * / 00:00:10:000 / Root(00) para top(01)
Mensaje * / 00:00:10:000 / top(01) para timer(02)
Mensaje Y / 00:00:10:000 / timer(02) / responseout /     -8.00000 para top(01)
Mensaje D / 00:00:10:000 / timer(02) / ... para top(01)
Mensaje Y / 00:00:10:000 / top(01) / responseout /     -8.00000 para Root(00)
Mensaje D / 00:00:10:000 / top(01) / ... para Root(00)
Mensaje X / 00:00:11:000 / Root(00) / commandin /    801.00000 para top(01)
Mensaje X / 00:00:11:000 / top(01) / tcommandin /    801.00000 para timer(02)
Mensaje D / 00:00:11:000 / timer(02) / ... para top(01)
Mensaje D / 00:00:11:000 / top(01) / ... para Root(00)
Mensaje X / 00:00:12:000 / Root(00) / commandin /      4.00000 para top(01)
Mensaje X / 00:00:12:000 / top(01) / tcommandin /      4.00000 para timer(02)
Mensaje D / 00:00:12:000 / timer(02) / 00:00:00:000 para top(01)
Mensaje D / 00:00:12:000 / top(01) / 00:00:00:000 para Root(00)
Mensaje * / 00:00:12:000 / Root(00) para top(01)
Mensaje * / 00:00:12:000 / top(01) para timer(02)
Mensaje Y / 00:00:12:000 / timer(02) / responseout /     -9.00000 para top(01)
Mensaje D / 00:00:12:000 / timer(02) / ... para top(01)
Mensaje Y / 00:00:12:000 / top(01) / responseout /     -9.00000 para Root(00)
Mensaje D / 00:00:12:000 / top(01) / ... para Root(00)
Mensaje X / 00:00:15:000 / Root(00) / commandin /    802.00000 para top(01)
Mensaje X / 00:00:15:000 / top(01) / tcommandin /    802.00000 para timer(02)
Mensaje D / 00:00:15:000 / timer(02) / ... para top(01)
Mensaje D / 00:00:15:000 / top(01) / ... para Root(00)
Mensaje X / 00:00:20:000 / Root(00) / commandin /      4.00000 para top(01)
Mensaje X / 00:00:20:000 / top(01) / tcommandin /      4.00000 para timer(02)
Mensaje D / 00:00:20:000 / timer(02) / ... para top(01)
Mensaje D / 00:00:20:000 / top(01) / ... para Root(00)
Mensaje X / 00:00:21:000 / Root(00) / trigin /      1.00000 para top(01)
Mensaje X / 00:00:21:000 / top(01) / trigin /      1.00000 para timer(02)
Mensaje D / 00:00:21:000 / timer(02) / 00:00:00:050 para top(01)
Mensaje D / 00:00:21:000 / top(01) / 00:00:00:050 para Root(00)
Mensaje * / 00:00:21:050 / Root(00) para top(01)
Mensaje * / 00:00:21:050 / top(01) para timer(02)
Mensaje Y / 00:00:21:050 / timer(02) / timerout /      1.00000 para top(01)
Mensaje D / 00:00:21:050 / timer(02) / 00:00:00:050 para top(01)
Mensaje Y / 00:00:21:050 / top(01) / timerout /      1.00000 para Root(00)
Mensaje D / 00:00:21:050 / top(01) / 00:00:00:050 para Root(00)
Mensaje * / 00:00:21:100 / Root(00) para top(01)
Mensaje * / 00:00:21:100 / top(01) para timer(02)
Mensaje Y / 00:00:21:100 / timer(02) / timerout /     -1.00000 para top(01)
Mensaje D / 00:00:21:100 / timer(02) / 00:00:00:000 para top(01)
Mensaje Y / 00:00:21:100 / top(01) / timerout /     -1.00000 para Root(00)
Mensaje D / 00:00:21:100 / top(01) / 00:00:00:000 para Root(00)
Mensaje * / 00:00:21:100 / Root(00) para top(01)
Mensaje * / 00:00:21:100 / top(01) para timer(02)
Mensaje D / 00:00:21:100 / timer(02) / ... para top(01)
Mensaje D / 00:00:21:100 / top(01) / ... para Root(00)
Mensaje X / 00:00:23:000 / Root(00) / trigin /      1.00000 para top(01)
Mensaje X / 00:00:23:000 / top(01) / trigin /      1.00000 para timer(02)
Mensaje D / 00:00:23:000 / timer(02) / 00:00:00:050 para top(01)
Mensaje D / 00:00:23:000 / top(01) / 00:00:00:050 para Root(00)
Mensaje * / 00:00:23:050 / Root(00) para top(01)
Mensaje * / 00:00:23:050 / top(01) para timer(02)
Mensaje Y / 00:00:23:050 / timer(02) / timerout /      1.00000 para top(01)
Mensaje D / 00:00:23:050 / timer(02) / 00:00:00:050 para top(01)
Mensaje Y / 00:00:23:050 / top(01) / timerout /      1.00000 para Root(00)
Mensaje D / 00:00:23:050 / top(01) / 00:00:00:050 para Root(00)
Mensaje * / 00:00:23:100 / Root(00) para top(01)
Mensaje * / 00:00:23:100 / top(01) para timer(02)
Mensaje Y / 00:00:23:100 / timer(02) / timerout /     -1.00000 para top(01)
Mensaje D / 00:00:23:100 / timer(02) / 00:00:00:000 para top(01)
Mensaje Y / 00:00:23:100 / top(01) / timerout /     -1.00000 para Root(00)
Mensaje D / 00:00:23:100 / top(01) / 00:00:00:000 para Root(00)
Mensaje * / 00:00:23:100 / Root(00) para top(01)
Mensaje * / 00:00:23:100 / top(01) para timer(02)
Mensaje D / 00:00:23:100 / timer(02) / ... para top(01)
Mensaje D / 00:00:23:100 / top(01) / ... para Root(00)
Mensaje X / 00:00:25:000 / Root(00) / commandin /      6.00000 para top(01)
Mensaje X / 00:00:25:000 / top(01) / tcommandin /      6.00000 para timer(02)
Mensaje D / 00:00:25:000 / timer(02) / 00:00:00:050 para top(01)
Mensaje D / 00:00:25:000 / top(01) / 00:00:00:050 para Root(00)
Mensaje * / 00:00:25:050 / Root(00) para top(01)
Mensaje * / 00:00:25:050 / top(01) para timer(02)
Mensaje Y / 00:00:25:050 / timer(02) / timerout /      1.00000 para top(01)
Mensaje D / 00:00:25:050 / timer(02) / 00:00:00:050 para top(01)
Mensaje Y / 00:00:25:050 / top(01) / timerout /      1.00000 para Root(00)
Mensaje D / 00:00:25:050 / top(01) / 00:00:00:050 para Root(00)
Mensaje * / 00:00:25:100 / Root(00) para top(01)
Mensaje * / 00:00:25:100 / top(01) para timer(02)
Mensaje Y / 00:00:25:100 / timer(02) / timerout /     -1.00000 para top(01)
Mensaje D / 00:00:25:100 / timer(02) / 00:00:00:000 para top(01)
Mensaje Y / 00:00:25:100 / top(01) / timerout /     -1.00000 para Root(00)
Mensaje D / 00:00:25:100 / top(01) / 00:00:00:000 para Root(00)
Mensaje * / 00:00:25:100 / Root(00) para top(01)
Mensaje * / 00:00:25:100 / top(01) para timer(02)
Mensaje D / 00:00:25:100 / timer(02) / 00:00:00:050 para top(01)
Mensaje D / 00:00:25:100 / top(01) / 00:00:00:050 para Root(00)
Mensaje * / 00:00:25:150 / Root(00) para top(01)
Mensaje * / 00:00:25:150 / top(01) para timer(02)
Mensaje Y / 00:00:25:150 / timer(02) / timerout /      1.00000 para top(01)
Mensaje D / 00:00:25:150 / timer(02) / 00:00:00:050 para top(01)
Mensaje Y / 00:00:25:150 / top(01) / timerout /      1.00000 para Root(00)
Mensaje D / 00:00:25:150 / top(01) / 00:00:00:050 para Root(00)
Mensaje * / 00:00:25:200 / Root(00) para top(01)
Mensaje * / 00:00:25:200 / top(01) para timer(02)
Mensaje Y / 00:00:25:200 / timer(02) / timerout /     -1.00000 para top(01)
Mensaje D / 00:00:25:200 / timer(02) / 00:00:00:000 para top(01)
Mensaje Y / 00:00:25:200 / top(01) / timerout /     -1.00000 para Root(00)
Mensaje D / 00:00:25:200 / top(01) / 00:00:00:000 para Root(00)
Mensaje * / 00:00:25:200 / Root(00) para top(01)
Mensaje * / 00:00:25:200 / top(01) para timer(02)
Mensaje D / 00:00:25:200 / timer(02) / 00:00:00:050 para top(01)
Mensaje D / 00:00:25:200 / top(01) / 00:00:00:050 para Root(00)
Mensaje * / 00:00:25:250 / Root(00) para top(01)
Mensaje * / 00:00:25:250 / top(01) para timer(02)
Mensaje Y / 00:00:25:250 / timer(02) / timerout /      1.00000 para top(01)
Mensaje D / 00:00:25:250 / timer(02) / 00:00:00:050 para top(01)
Mensaje Y / 00:00:25:250 / top(01) / timerout /      1.00000 para Root(00)
Mensaje D / 00:00:25:250 / top(01) / 00:00:00:050 para Root(00)
Mensaje * / 00:00:25:300 / Root(00) para top(01)
Mensaje * / 00:00:25:300 / top(01) para timer(02)
Mensaje Y / 00:00:25:300 / timer(02) / timerout /     -1.00000 para top(01)
Mensaje D / 00:00:25:300 / timer(02) / 00:00:00:000 para top(01)
Mensaje Y / 00:00:25:300 / top(01) / timerout /     -1.00000 para Root(00)
Mensaje D / 00:00:25:300 / top(01) / 00:00:00:000 para Root(00)
Mensaje * / 00:00:25:300 / Root(00) para top(01)
Mensaje * / 00:00:25:300 / top(01) para timer(02)
Mensaje D / 00:00:25:300 / timer(02) / 00:00:00:050 para top(01)
Mensaje D / 00:00:25:300 / top(01) / 00:00:00:050 para Root(00)
Mensaje X / 00:00:25:350 / Root(00) / commandin /      5.00000 para top(01)
Mensaje X / 00:00:25:350 / top(01) / tcommandin /      5.00000 para timer(02)
Mensaje D / 00:00:25:350 / timer(02) / ... para top(01)
Mensaje D / 00:00:25:350 / top(01) / ... para Root(00)
Mensaje X / 00:00:26:000 / Root(00) / commandin /      2.00000 para top(01)
Mensaje X / 00:00:26:000 / top(01) / tcommandin /      2.00000 para timer(02)
Mensaje D / 00:00:26:000 / timer(02) / ... para top(01)
Mensaje D / 00:00:26:000 / top(01) / ... para Root(00)
Mensaje X / 00:00:27:000 / Root(00) / commandin /    803.00000 para top(01)
Mensaje X / 00:00:27:000 / top(01) / tcommandin /    803.00000 para timer(02)
Mensaje D / 00:00:27:000 / timer(02) / ... para top(01)
Mensaje D / 00:00:27:000 / top(01) / ... para Root(00)
Mensaje X / 00:00:28:000 / Root(00) / commandin /      6.00000 para top(01)
Mensaje X / 00:00:28:000 / top(01) / tcommandin /      6.00000 para timer(02)
Mensaje D / 00:00:28:000 / timer(02) / 00:00:00:000 para top(01)
Mensaje D / 00:00:28:000 / top(01) / 00:00:00:000 para Root(00)
Mensaje * / 00:00:28:000 / Root(00) para top(01)
Mensaje * / 00:00:28:000 / top(01) para timer(02)
Mensaje Y / 00:00:28:000 / timer(02) / timerout /      1.00000 para top(01)
Mensaje D / 00:00:28:000 / timer(02) / 00:00:00:050 para top(01)
Mensaje Y / 00:00:28:000 / top(01) / timerout /      1.00000 para Root(00)
Mensaje D / 00:00:28:000 / top(01) / 00:00:00:050 para Root(00)
Mensaje * / 00:00:28:050 / Root(00) para top(01)
Mensaje * / 00:00:28:050 / top(01) para timer(02)
Mensaje Y / 00:00:28:050 / timer(02) / timerout /     -1.00000 para top(01)
Mensaje D / 00:00:28:050 / timer(02) / 00:00:00:050 para top(01)
Mensaje Y / 00:00:28:050 / top(01) / timerout /     -1.00000 para Root(00)
Mensaje D / 00:00:28:050 / top(01) / 00:00:00:050 para Root(00)
Mensaje * / 00:00:28:100 / Root(00) para top(01)
Mensaje * / 00:00:28:100 / top(01) para timer(02)
Mensaje D / 00:00:28:100 / timer(02) / 00:00:00:000 para top(01)
Mensaje D / 00:00:28:100 / top(01) / 00:00:00:000 para Root(00)
Mensaje * / 00:00:28:100 / Root(00) para top(01)
Mensaje * / 00:00:28:100 / top(01) para timer(02)
Mensaje Y / 00:00:28:100 / timer(02) / timerout /      1.00000 para top(01)
Mensaje D / 00:00:28:100 / timer(02) / 00:00:00:050 para top(01)
Mensaje Y / 00:00:28:100 / top(01) / timerout /      1.00000 para Root(00)
Mensaje D / 00:00:28:100 / top(01) / 00:00:00:050 para Root(00)
Mensaje * / 00:00:28:150 / Root(00) para top(01)
Mensaje * / 00:00:28:150 / top(01) para timer(02)
Mensaje Y / 00:00:28:150 / timer(02) / timerout /     -1.00000 para top(01)
Mensaje D / 00:00:28:150 / timer(02) / 00:00:00:050 para top(01)
Mensaje Y / 00:00:28:150 / top(01) / timerout /     -1.00000 para Root(00)
Mensaje D / 00:00:28:150 / top(01) / 00:00:00:050 para Root(00)
Mensaje * / 00:00:28:200 / Root(00) para top(01)
Mensaje * / 00:00:28:200 / top(01) para timer(02)
Mensaje D / 00:00:28:200 / timer(02) / 00:00:00:000 para top(01)
Mensaje D / 00:00:28:200 / top(01) / 00:00:00:000 para Root(00)
Mensaje * / 00:00:28:200 / Root(00) para top(01)
Mensaje * / 00:00:28:200 / top(01) para timer(02)
Mensaje Y / 00:00:28:200 / timer(02) / timerout /      1.00000 para top(01)
Mensaje D / 00:00:28:200 / timer(02) / 00:00:00:050 para top(01)
Mensaje Y / 00:00:28:200 / top(01) / timerout /      1.00000 para Root(00)
Mensaje D / 00:00:28:200 / top(01) / 00:00:00:050 para Root(00)
Mensaje * / 00:00:28:250 / Root(00) para top(01)
Mensaje * / 00:00:28:250 / top(01) para timer(02)
Mensaje Y / 00:00:28:250 / timer(02) / timerout /     -1.00000 para top(01)
Mensaje D / 00:00:28:250 / timer(02) / 00:00:00:050 para top(01)
Mensaje Y / 00:00:28:250 / top(01) / timerout /     -1.00000 para Root(00)
Mensaje D / 00:00:28:250 / top(01) / 00:00:00:050 para Root(00)
Mensaje * / 00:00:28:300 / Root(00) para top(01)
Mensaje * / 00:00:28:300 / top(01) para timer(02)
Mensaje D / 00:00:28:300 / timer(02) / 00:00:00:000 para top(01)
Mensaje D / 00:00:28:300 / top(01) / 00:00:00:000 para Root(00)
Mensaje * / 00:00:28:300 / Root(00) para top(01)
Mensaje * / 00:00:28:300 / top(01) para timer(02)
Mensaje Y / 00:00:28:300 / timer(02) / timerout /      1.00000 para top(01)
Mensaje D / 00:00:28:300 / timer(02) / 00:00:00:050 para top(01)
Mensaje Y / 00:00:28:300 / top(01) / timerout /      1.00000 para Root(00)
Mensaje D / 00:00:28:300 / top(01) / 00:00:00:050 para Root(00)
Mensaje * / 00:00:28:350 / Root(00) para top(01)
Mensaje * / 00:00:28:350 / top(01) para timer(02)
Mensaje Y / 00:00:28:350 / timer(02) / timerout /     -1.00000 para top(01)
Mensaje D / 00:00:28:350 / timer(02) / 00:00:00:050 para top(01)
Mensaje Y / 00:00:28:350 / top(01) / timerout /     -1.00000 para Root(00)
Mensaje D / 00:00:28:350 / top(01) / 00:00:00:050 para Root(00)
Mensaje X / 00:00:28:400 / Root(00) / commandin /      5.00000 para top(01)
Mensaje X / 00:00:28:400 / top(01) / tcommandin /      5.00000 para timer(02)
Mensaje D / 00:00:28:400 / timer(02) / ... para top(01)
Mensaje D / 00:00:28:400 / top(01) / ... para Root(00)
